{"C:\\Users\\HUGON\\Desktop\\TFEW\\TFErgo\\backend\\src\\controllers\\objectiveController.js": {"path":"C:\\Users\\HUGON\\Desktop\\TFEW\\TFErgo\\backend\\src\\controllers\\objectiveController.js","statementMap":{"0":{"start":{"line":1,"column":25},"end":{"line":1,"column":50}},"1":{"start":{"line":2,"column":15},"end":{"line":2,"column":33}},"2":{"start":{"line":5,"column":24},"end":{"line":5,"column":34}},"3":{"start":{"line":6,"column":50},"end":{"line":6,"column":58}},"4":{"start":{"line":8,"column":4},"end":{"line":10,"column":5}},"5":{"start":{"line":9,"column":6},"end":{"line":9,"column":110}},"6":{"start":{"line":11,"column":4},"end":{"line":35,"column":5}},"7":{"start":{"line":13,"column":20},"end":{"line":16,"column":8}},"8":{"start":{"line":18,"column":6},"end":{"line":18,"column":78}},"9":{"start":{"line":18,"column":18},"end":{"line":18,"column":78}},"10":{"start":{"line":21,"column":27},"end":{"line":29,"column":8}},"11":{"start":{"line":31,"column":6},"end":{"line":31,"column":41}},"12":{"start":{"line":33,"column":6},"end":{"line":33,"column":25}},"13":{"start":{"line":34,"column":6},"end":{"line":34,"column":77}},"14":{"start":{"line":40,"column":34},"end":{"line":40,"column":44}},"15":{"start":{"line":41,"column":61},"end":{"line":41,"column":69}},"16":{"start":{"line":43,"column":2},"end":{"line":45,"column":3}},"17":{"start":{"line":44,"column":4},"end":{"line":44,"column":109}},"18":{"start":{"line":46,"column":2},"end":{"line":48,"column":3}},"19":{"start":{"line":47,"column":4},"end":{"line":47,"column":130}},"20":{"start":{"line":49,"column":2},"end":{"line":65,"column":3}},"21":{"start":{"line":50,"column":25},"end":{"line":59,"column":6}},"22":{"start":{"line":61,"column":4},"end":{"line":61,"column":39}},"23":{"start":{"line":63,"column":4},"end":{"line":63,"column":23}},"24":{"start":{"line":64,"column":4},"end":{"line":64,"column":76}},"25":{"start":{"line":70,"column":19},"end":{"line":70,"column":29}},"26":{"start":{"line":71,"column":4},"end":{"line":86,"column":5}},"27":{"start":{"line":72,"column":20},"end":{"line":81,"column":8}},"28":{"start":{"line":82,"column":6},"end":{"line":82,"column":22}},"29":{"start":{"line":84,"column":6},"end":{"line":84,"column":25}},"30":{"start":{"line":85,"column":6},"end":{"line":85,"column":71}},"31":{"start":{"line":90,"column":17},"end":{"line":90,"column":27}},"32":{"start":{"line":91,"column":61},"end":{"line":91,"column":69}},"33":{"start":{"line":93,"column":2},"end":{"line":95,"column":3}},"34":{"start":{"line":94,"column":4},"end":{"line":94,"column":108}},"35":{"start":{"line":96,"column":2},"end":{"line":110,"column":3}},"36":{"start":{"line":97,"column":20},"end":{"line":105,"column":6}},"37":{"start":{"line":106,"column":4},"end":{"line":106,"column":22}},"38":{"start":{"line":108,"column":4},"end":{"line":108,"column":23}},"39":{"start":{"line":109,"column":4},"end":{"line":109,"column":78}},"40":{"start":{"line":114,"column":17},"end":{"line":114,"column":27}},"41":{"start":{"line":115,"column":2},"end":{"line":121,"column":3}},"42":{"start":{"line":116,"column":4},"end":{"line":116,"column":75}},"43":{"start":{"line":117,"column":4},"end":{"line":117,"column":32}},"44":{"start":{"line":119,"column":4},"end":{"line":119,"column":23}},"45":{"start":{"line":120,"column":4},"end":{"line":120,"column":78}},"46":{"start":{"line":125,"column":17},"end":{"line":125,"column":27}},"47":{"start":{"line":126,"column":2},"end":{"line":132,"column":3}},"48":{"start":{"line":127,"column":4},"end":{"line":127,"column":76}},"49":{"start":{"line":128,"column":4},"end":{"line":128,"column":32}},"50":{"start":{"line":130,"column":4},"end":{"line":130,"column":23}},"51":{"start":{"line":131,"column":4},"end":{"line":131,"column":79}},"52":{"start":{"line":136,"column":17},"end":{"line":136,"column":27}},"53":{"start":{"line":137,"column":61},"end":{"line":137,"column":69}},"54":{"start":{"line":139,"column":2},"end":{"line":154,"column":3}},"55":{"start":{"line":140,"column":20},"end":{"line":149,"column":6}},"56":{"start":{"line":150,"column":4},"end":{"line":150,"column":22}},"57":{"start":{"line":152,"column":4},"end":{"line":152,"column":23}},"58":{"start":{"line":153,"column":4},"end":{"line":153,"column":79}},"59":{"start":{"line":157,"column":0},"end":{"line":165,"column":2}}},"fnMap":{"0":{"name":"addLongTermObjective","decl":{"start":{"line":4,"column":15},"end":{"line":4,"column":35}},"loc":{"start":{"line":4,"column":46},"end":{"line":36,"column":3}},"line":4},"1":{"name":"addShortTermObjective","decl":{"start":{"line":39,"column":15},"end":{"line":39,"column":36}},"loc":{"start":{"line":39,"column":47},"end":{"line":66,"column":1}},"line":39},"2":{"name":"getMotifWithObjectives","decl":{"start":{"line":69,"column":15},"end":{"line":69,"column":37}},"loc":{"start":{"line":69,"column":48},"end":{"line":87,"column":1}},"line":69},"3":{"name":"updateLongTermObjective","decl":{"start":{"line":89,"column":15},"end":{"line":89,"column":38}},"loc":{"start":{"line":89,"column":49},"end":{"line":111,"column":1}},"line":89},"4":{"name":"deleteLongTermObjective","decl":{"start":{"line":113,"column":15},"end":{"line":113,"column":38}},"loc":{"start":{"line":113,"column":49},"end":{"line":122,"column":1}},"line":113},"5":{"name":"deleteShortTermObjective","decl":{"start":{"line":124,"column":15},"end":{"line":124,"column":39}},"loc":{"start":{"line":124,"column":50},"end":{"line":133,"column":1}},"line":124},"6":{"name":"updateShortTermObjective","decl":{"start":{"line":135,"column":15},"end":{"line":135,"column":39}},"loc":{"start":{"line":135,"column":50},"end":{"line":155,"column":1}},"line":135}},"branchMap":{"0":{"loc":{"start":{"line":8,"column":4},"end":{"line":10,"column":5}},"type":"if","locations":[{"start":{"line":8,"column":4},"end":{"line":10,"column":5}},{"start":{},"end":{}}],"line":8},"1":{"loc":{"start":{"line":8,"column":8},"end":{"line":8,"column":31}},"type":"binary-expr","locations":[{"start":{"line":8,"column":8},"end":{"line":8,"column":14}},{"start":{"line":8,"column":18},"end":{"line":8,"column":31}}],"line":8},"2":{"loc":{"start":{"line":18,"column":6},"end":{"line":18,"column":78}},"type":"if","locations":[{"start":{"line":18,"column":6},"end":{"line":18,"column":78}},{"start":{},"end":{}}],"line":18},"3":{"loc":{"start":{"line":26,"column":19},"end":{"line":26,"column":53}},"type":"cond-expr","locations":[{"start":{"line":26,"column":29},"end":{"line":26,"column":46}},{"start":{"line":26,"column":49},"end":{"line":26,"column":53}}],"line":26},"4":{"loc":{"start":{"line":27,"column":18},"end":{"line":27,"column":36}},"type":"binary-expr","locations":[{"start":{"line":27,"column":18},"end":{"line":27,"column":24}},{"start":{"line":27,"column":28},"end":{"line":27,"column":36}}],"line":27},"5":{"loc":{"start":{"line":43,"column":2},"end":{"line":45,"column":3}},"type":"if","locations":[{"start":{"line":43,"column":2},"end":{"line":45,"column":3}},{"start":{},"end":{}}],"line":43},"6":{"loc":{"start":{"line":43,"column":6},"end":{"line":43,"column":29}},"type":"binary-expr","locations":[{"start":{"line":43,"column":6},"end":{"line":43,"column":12}},{"start":{"line":43,"column":16},"end":{"line":43,"column":29}}],"line":43},"7":{"loc":{"start":{"line":46,"column":2},"end":{"line":48,"column":3}},"type":"if","locations":[{"start":{"line":46,"column":2},"end":{"line":48,"column":3}},{"start":{},"end":{}}],"line":46},"8":{"loc":{"start":{"line":46,"column":6},"end":{"line":46,"column":28}},"type":"binary-expr","locations":[{"start":{"line":46,"column":6},"end":{"line":46,"column":16}},{"start":{"line":46,"column":20},"end":{"line":46,"column":28}}],"line":46},"9":{"loc":{"start":{"line":55,"column":17},"end":{"line":55,"column":51}},"type":"cond-expr","locations":[{"start":{"line":55,"column":27},"end":{"line":55,"column":44}},{"start":{"line":55,"column":47},"end":{"line":55,"column":51}}],"line":55},"10":{"loc":{"start":{"line":57,"column":16},"end":{"line":57,"column":34}},"type":"binary-expr","locations":[{"start":{"line":57,"column":16},"end":{"line":57,"column":22}},{"start":{"line":57,"column":26},"end":{"line":57,"column":34}}],"line":57},"11":{"loc":{"start":{"line":93,"column":2},"end":{"line":95,"column":3}},"type":"if","locations":[{"start":{"line":93,"column":2},"end":{"line":95,"column":3}},{"start":{},"end":{}}],"line":93},"12":{"loc":{"start":{"line":93,"column":6},"end":{"line":93,"column":29}},"type":"binary-expr","locations":[{"start":{"line":93,"column":6},"end":{"line":93,"column":12}},{"start":{"line":93,"column":16},"end":{"line":93,"column":29}}],"line":93},"13":{"loc":{"start":{"line":102,"column":17},"end":{"line":102,"column":51}},"type":"cond-expr","locations":[{"start":{"line":102,"column":27},"end":{"line":102,"column":44}},{"start":{"line":102,"column":47},"end":{"line":102,"column":51}}],"line":102},"14":{"loc":{"start":{"line":145,"column":17},"end":{"line":145,"column":51}},"type":"cond-expr","locations":[{"start":{"line":145,"column":27},"end":{"line":145,"column":44}},{"start":{"line":145,"column":47},"end":{"line":145,"column":51}}],"line":145}},"s":{"0":15,"1":15,"2":3,"3":3,"4":3,"5":1,"6":2,"7":2,"8":1,"9":1,"10":0,"11":0,"12":1,"13":1,"14":1,"15":1,"16":1,"17":0,"18":1,"19":0,"20":1,"21":1,"22":0,"23":1,"24":1,"25":0,"26":0,"27":0,"28":0,"29":0,"30":0,"31":0,"32":0,"33":0,"34":0,"35":0,"36":0,"37":0,"38":0,"39":0,"40":0,"41":0,"42":0,"43":0,"44":0,"45":0,"46":0,"47":0,"48":0,"49":0,"50":0,"51":0,"52":0,"53":0,"54":0,"55":0,"56":0,"57":0,"58":0,"59":15},"f":{"0":3,"1":1,"2":0,"3":0,"4":0,"5":0,"6":0},"b":{"0":[1,2],"1":[3,2],"2":[1,0],"3":[0,0],"4":[0,0],"5":[0,1],"6":[1,1],"7":[0,1],"8":[1,1],"9":[1,0],"10":[1,1],"11":[0,0],"12":[0,0],"13":[0,0],"14":[0,0]},"_coverageSchema":"1a1c01bbd47fc00a2c39e90264f33305004495a9","hash":"5773159cd4a82c826290a02fc7dd35af08a81524"}
}
