{"C:\\Users\\HUGON\\Desktop\\TFEW\\TFErgo\\backend\\src\\app.js": {"path":"C:\\Users\\HUGON\\Desktop\\TFEW\\TFErgo\\backend\\src\\app.js","statementMap":{"0":{"start":{"line":1,"column":16},"end":{"line":1,"column":34}},"1":{"start":{"line":2,"column":21},"end":{"line":2,"column":45}},"2":{"start":{"line":3,"column":13},"end":{"line":3,"column":28}},"3":{"start":{"line":4,"column":19},"end":{"line":4,"column":41}},"4":{"start":{"line":5,"column":0},"end":{"line":5,"column":27}},"5":{"start":{"line":7,"column":12},"end":{"line":7,"column":21}},"6":{"start":{"line":9,"column":0},"end":{"line":9,"column":44}},"7":{"start":{"line":10,"column":0},"end":{"line":10,"column":66}},"8":{"start":{"line":11,"column":0},"end":{"line":11,"column":24}},"9":{"start":{"line":12,"column":0},"end":{"line":15,"column":4}},"10":{"start":{"line":17,"column":0},"end":{"line":17,"column":43}},"11":{"start":{"line":18,"column":0},"end":{"line":18,"column":51}},"12":{"start":{"line":19,"column":0},"end":{"line":19,"column":45}},"13":{"start":{"line":20,"column":0},"end":{"line":20,"column":51}},"14":{"start":{"line":21,"column":0},"end":{"line":21,"column":51}},"15":{"start":{"line":22,"column":0},"end":{"line":22,"column":47}},"16":{"start":{"line":23,"column":0},"end":{"line":23,"column":55}},"17":{"start":{"line":24,"column":0},"end":{"line":24,"column":55}},"18":{"start":{"line":25,"column":0},"end":{"line":25,"column":45}},"19":{"start":{"line":26,"column":0},"end":{"line":26,"column":53}},"20":{"start":{"line":27,"column":0},"end":{"line":27,"column":49}},"21":{"start":{"line":28,"column":0},"end":{"line":28,"column":59}},"22":{"start":{"line":29,"column":0},"end":{"line":29,"column":58}},"23":{"start":{"line":30,"column":0},"end":{"line":30,"column":55}},"24":{"start":{"line":32,"column":0},"end":{"line":34,"column":3}},"25":{"start":{"line":33,"column":2},"end":{"line":33,"column":49}},"26":{"start":{"line":36,"column":0},"end":{"line":36,"column":21}}},"fnMap":{"0":{"name":"(anonymous_0)","decl":{"start":{"line":32,"column":13},"end":{"line":32,"column":14}},"loc":{"start":{"line":32,"column":27},"end":{"line":34,"column":1}},"line":32}},"branchMap":{},"s":{"0":14,"1":14,"2":14,"3":14,"4":14,"5":14,"6":14,"7":14,"8":14,"9":14,"10":14,"11":14,"12":14,"13":14,"14":14,"15":14,"16":14,"17":14,"18":14,"19":14,"20":14,"21":14,"22":14,"23":14,"24":14,"25":0,"26":14},"f":{"0":0},"b":{},"_coverageSchema":"1a1c01bbd47fc00a2c39e90264f33305004495a9","hash":"17365217cf9455d0c2fedeb6dffdf7744c39e61a"}
,"C:\\Users\\HUGON\\Desktop\\TFEW\\TFErgo\\backend\\src\\controllers\\activityController.js": {"path":"C:\\Users\\HUGON\\Desktop\\TFEW\\TFErgo\\backend\\src\\controllers\\activityController.js","statementMap":{"0":{"start":{"line":1,"column":25},"end":{"line":1,"column":50}},"1":{"start":{"line":2,"column":15},"end":{"line":2,"column":33}},"2":{"start":{"line":4,"column":25},"end":{"line":28,"column":1}},"3":{"start":{"line":5,"column":2},"end":{"line":27,"column":3}},"4":{"start":{"line":6,"column":23},"end":{"line":22,"column":6}},"5":{"start":{"line":23,"column":4},"end":{"line":23,"column":25}},"6":{"start":{"line":25,"column":4},"end":{"line":25,"column":54}},"7":{"start":{"line":26,"column":4},"end":{"line":26,"column":66}},"8":{"start":{"line":30,"column":24},"end":{"line":47,"column":1}},"9":{"start":{"line":31,"column":17},"end":{"line":31,"column":27}},"10":{"start":{"line":32,"column":2},"end":{"line":46,"column":3}},"11":{"start":{"line":33,"column":21},"end":{"line":41,"column":6}},"12":{"start":{"line":42,"column":4},"end":{"line":42,"column":80}},"13":{"start":{"line":42,"column":19},"end":{"line":42,"column":80}},"14":{"start":{"line":43,"column":4},"end":{"line":43,"column":23}},"15":{"start":{"line":45,"column":4},"end":{"line":45,"column":64}},"16":{"start":{"line":49,"column":23},"end":{"line":102,"column":1}},"17":{"start":{"line":50,"column":2},"end":{"line":101,"column":3}},"18":{"start":{"line":51,"column":4},"end":{"line":51,"column":60}},"19":{"start":{"line":52,"column":4},"end":{"line":52,"column":49}},"20":{"start":{"line":54,"column":90},"end":{"line":54,"column":98}},"21":{"start":{"line":56,"column":4},"end":{"line":59,"column":5}},"22":{"start":{"line":57,"column":6},"end":{"line":57,"column":42}},"23":{"start":{"line":58,"column":6},"end":{"line":58,"column":80}},"24":{"start":{"line":61,"column":29},"end":{"line":63,"column":6}},"25":{"start":{"line":65,"column":4},"end":{"line":67,"column":5}},"26":{"start":{"line":66,"column":6},"end":{"line":66,"column":85}},"27":{"start":{"line":69,"column":24},"end":{"line":90,"column":6}},"28":{"start":{"line":76,"column":44},"end":{"line":78,"column":11}},"29":{"start":{"line":81,"column":43},"end":{"line":83,"column":11}},"30":{"start":{"line":92,"column":4},"end":{"line":92,"column":51}},"31":{"start":{"line":93,"column":4},"end":{"line":93,"column":38}},"32":{"start":{"line":96,"column":4},"end":{"line":96,"column":59}},"33":{"start":{"line":97,"column":4},"end":{"line":100,"column":7}},"34":{"start":{"line":104,"column":23},"end":{"line":132,"column":1}},"35":{"start":{"line":105,"column":17},"end":{"line":105,"column":27}},"36":{"start":{"line":106,"column":65},"end":{"line":106,"column":73}},"37":{"start":{"line":107,"column":2},"end":{"line":131,"column":3}},"38":{"start":{"line":108,"column":20},"end":{"line":127,"column":6}},"39":{"start":{"line":116,"column":44},"end":{"line":118,"column":11}},"40":{"start":{"line":122,"column":43},"end":{"line":124,"column":11}},"41":{"start":{"line":128,"column":4},"end":{"line":128,"column":22}},"42":{"start":{"line":130,"column":4},"end":{"line":130,"column":65}},"43":{"start":{"line":134,"column":23},"end":{"line":142,"column":1}},"44":{"start":{"line":135,"column":17},"end":{"line":135,"column":27}},"45":{"start":{"line":136,"column":2},"end":{"line":141,"column":3}},"46":{"start":{"line":137,"column":4},"end":{"line":137,"column":64}},"47":{"start":{"line":138,"column":4},"end":{"line":138,"column":32}},"48":{"start":{"line":140,"column":4},"end":{"line":140,"column":65}},"49":{"start":{"line":144,"column":25},"end":{"line":189,"column":1}},"50":{"start":{"line":145,"column":54},"end":{"line":145,"column":63}},"51":{"start":{"line":147,"column":23},"end":{"line":147,"column":25}},"52":{"start":{"line":148,"column":2},"end":{"line":156,"column":3}},"53":{"start":{"line":149,"column":4},"end":{"line":155,"column":5}},"54":{"start":{"line":150,"column":6},"end":{"line":152,"column":66}},"55":{"start":{"line":154,"column":6},"end":{"line":154,"column":74}},"56":{"start":{"line":158,"column":2},"end":{"line":188,"column":3}},"57":{"start":{"line":159,"column":23},"end":{"line":182,"column":6}},"58":{"start":{"line":184,"column":4},"end":{"line":184,"column":25}},"59":{"start":{"line":186,"column":4},"end":{"line":186,"column":25}},"60":{"start":{"line":187,"column":4},"end":{"line":187,"column":67}},"61":{"start":{"line":191,"column":0},"end":{"line":198,"column":2}}},"fnMap":{"0":{"name":"(anonymous_0)","decl":{"start":{"line":4,"column":25},"end":{"line":4,"column":26}},"loc":{"start":{"line":4,"column":45},"end":{"line":28,"column":1}},"line":4},"1":{"name":"(anonymous_1)","decl":{"start":{"line":30,"column":24},"end":{"line":30,"column":25}},"loc":{"start":{"line":30,"column":44},"end":{"line":47,"column":1}},"line":30},"2":{"name":"(anonymous_2)","decl":{"start":{"line":49,"column":23},"end":{"line":49,"column":24}},"loc":{"start":{"line":49,"column":43},"end":{"line":102,"column":1}},"line":49},"3":{"name":"(anonymous_3)","decl":{"start":{"line":76,"column":35},"end":{"line":76,"column":36}},"loc":{"start":{"line":76,"column":44},"end":{"line":78,"column":11}},"line":76},"4":{"name":"(anonymous_4)","decl":{"start":{"line":81,"column":34},"end":{"line":81,"column":35}},"loc":{"start":{"line":81,"column":43},"end":{"line":83,"column":11}},"line":81},"5":{"name":"(anonymous_5)","decl":{"start":{"line":104,"column":23},"end":{"line":104,"column":24}},"loc":{"start":{"line":104,"column":43},"end":{"line":132,"column":1}},"line":104},"6":{"name":"(anonymous_6)","decl":{"start":{"line":116,"column":35},"end":{"line":116,"column":36}},"loc":{"start":{"line":116,"column":44},"end":{"line":118,"column":11}},"line":116},"7":{"name":"(anonymous_7)","decl":{"start":{"line":122,"column":34},"end":{"line":122,"column":35}},"loc":{"start":{"line":122,"column":43},"end":{"line":124,"column":11}},"line":122},"8":{"name":"(anonymous_8)","decl":{"start":{"line":134,"column":23},"end":{"line":134,"column":24}},"loc":{"start":{"line":134,"column":43},"end":{"line":142,"column":1}},"line":134},"9":{"name":"(anonymous_9)","decl":{"start":{"line":144,"column":25},"end":{"line":144,"column":26}},"loc":{"start":{"line":144,"column":45},"end":{"line":189,"column":1}},"line":144}},"branchMap":{"0":{"loc":{"start":{"line":42,"column":4},"end":{"line":42,"column":80}},"type":"if","locations":[{"start":{"line":42,"column":4},"end":{"line":42,"column":80}},{"start":{},"end":{}}],"line":42},"1":{"loc":{"start":{"line":54,"column":50},"end":{"line":54,"column":67}},"type":"default-arg","locations":[{"start":{"line":54,"column":65},"end":{"line":54,"column":67}}],"line":54},"2":{"loc":{"start":{"line":54,"column":69},"end":{"line":54,"column":85}},"type":"default-arg","locations":[{"start":{"line":54,"column":83},"end":{"line":54,"column":85}}],"line":54},"3":{"loc":{"start":{"line":56,"column":4},"end":{"line":59,"column":5}},"type":"if","locations":[{"start":{"line":56,"column":4},"end":{"line":59,"column":5}},{"start":{},"end":{}}],"line":56},"4":{"loc":{"start":{"line":56,"column":8},"end":{"line":56,"column":29}},"type":"binary-expr","locations":[{"start":{"line":56,"column":8},"end":{"line":56,"column":20}},{"start":{"line":56,"column":24},"end":{"line":56,"column":29}}],"line":56},"5":{"loc":{"start":{"line":65,"column":4},"end":{"line":67,"column":5}},"type":"if","locations":[{"start":{"line":65,"column":4},"end":{"line":67,"column":5}},{"start":{},"end":{}}],"line":65},"6":{"loc":{"start":{"line":148,"column":2},"end":{"line":156,"column":3}},"type":"if","locations":[{"start":{"line":148,"column":2},"end":{"line":156,"column":3}},{"start":{},"end":{}}],"line":148},"7":{"loc":{"start":{"line":150,"column":23},"end":{"line":152,"column":65}},"type":"cond-expr","locations":[{"start":{"line":151,"column":10},"end":{"line":151,"column":43}},{"start":{"line":152,"column":10},"end":{"line":152,"column":65}}],"line":150},"8":{"loc":{"start":{"line":152,"column":10},"end":{"line":152,"column":65}},"type":"cond-expr","locations":[{"start":{"line":152,"column":38},"end":{"line":152,"column":60}},{"start":{"line":152,"column":63},"end":{"line":152,"column":65}}],"line":152},"9":{"loc":{"start":{"line":161,"column":26},"end":{"line":161,"column":36}},"type":"binary-expr","locations":[{"start":{"line":161,"column":26},"end":{"line":161,"column":30}},{"start":{"line":161,"column":34},"end":{"line":161,"column":36}}],"line":161},"10":{"loc":{"start":{"line":162,"column":21},"end":{"line":162,"column":93}},"type":"cond-expr","locations":[{"start":{"line":162,"column":35},"end":{"line":162,"column":81}},{"start":{"line":162,"column":84},"end":{"line":162,"column":93}}],"line":162},"11":{"loc":{"start":{"line":163,"column":20},"end":{"line":169,"column":21}},"type":"cond-expr","locations":[{"start":{"line":164,"column":12},"end":{"line":168,"column":13}},{"start":{"line":169,"column":12},"end":{"line":169,"column":21}}],"line":163},"12":{"loc":{"start":{"line":170,"column":15},"end":{"line":174,"column":21}},"type":"cond-expr","locations":[{"start":{"line":171,"column":12},"end":{"line":173,"column":13}},{"start":{"line":174,"column":12},"end":{"line":174,"column":21}}],"line":170}},"s":{"0":14,"1":14,"2":14,"3":1,"4":1,"5":1,"6":0,"7":0,"8":14,"9":0,"10":0,"11":0,"12":0,"13":0,"14":0,"15":0,"16":14,"17":5,"18":5,"19":5,"20":5,"21":5,"22":2,"23":2,"24":3,"25":3,"26":0,"27":3,"28":0,"29":0,"30":3,"31":3,"32":0,"33":0,"34":14,"35":0,"36":0,"37":0,"38":0,"39":0,"40":0,"41":0,"42":0,"43":14,"44":6,"45":6,"46":6,"47":3,"48":3,"49":14,"50":0,"51":0,"52":0,"53":0,"54":0,"55":0,"56":0,"57":0,"58":0,"59":0,"60":0,"61":14},"f":{"0":1,"1":0,"2":5,"3":0,"4":0,"5":0,"6":0,"7":0,"8":6,"9":0},"b":{"0":[0,0],"1":[5],"2":[5],"3":[2,3],"4":[5,3],"5":[0,3],"6":[0,0],"7":[0,0],"8":[0,0],"9":[0,0],"10":[0,0],"11":[0,0],"12":[0,0]},"_coverageSchema":"1a1c01bbd47fc00a2c39e90264f33305004495a9","hash":"fdcfd2da22088a5698131b443032c61a9d28ddda"}
,"C:\\Users\\HUGON\\Desktop\\TFEW\\TFErgo\\backend\\src\\controllers\\activityFileController.js": {"path":"C:\\Users\\HUGON\\Desktop\\TFEW\\TFErgo\\backend\\src\\controllers\\activityFileController.js","statementMap":{"0":{"start":{"line":1,"column":25},"end":{"line":1,"column":50}},"1":{"start":{"line":2,"column":15},"end":{"line":2,"column":33}},"2":{"start":{"line":4,"column":26},"end":{"line":20,"column":1}},"3":{"start":{"line":5,"column":17},"end":{"line":5,"column":27}},"4":{"start":{"line":6,"column":42},"end":{"line":6,"column":50}},"5":{"start":{"line":7,"column":2},"end":{"line":19,"column":3}},"6":{"start":{"line":8,"column":17},"end":{"line":15,"column":6}},"7":{"start":{"line":16,"column":4},"end":{"line":16,"column":31}},"8":{"start":{"line":18,"column":4},"end":{"line":18,"column":61}},"9":{"start":{"line":22,"column":19},"end":{"line":30,"column":1}},"10":{"start":{"line":23,"column":21},"end":{"line":23,"column":31}},"11":{"start":{"line":24,"column":2},"end":{"line":29,"column":3}},"12":{"start":{"line":25,"column":4},"end":{"line":25,"column":72}},"13":{"start":{"line":26,"column":4},"end":{"line":26,"column":32}},"14":{"start":{"line":28,"column":4},"end":{"line":28,"column":61}},"15":{"start":{"line":32,"column":0},"end":{"line":35,"column":2}}},"fnMap":{"0":{"name":"(anonymous_0)","decl":{"start":{"line":4,"column":26},"end":{"line":4,"column":27}},"loc":{"start":{"line":4,"column":46},"end":{"line":20,"column":1}},"line":4},"1":{"name":"(anonymous_1)","decl":{"start":{"line":22,"column":19},"end":{"line":22,"column":20}},"loc":{"start":{"line":22,"column":39},"end":{"line":30,"column":1}},"line":22}},"branchMap":{},"s":{"0":14,"1":14,"2":14,"3":0,"4":0,"5":0,"6":0,"7":0,"8":0,"9":14,"10":0,"11":0,"12":0,"13":0,"14":0,"15":14},"f":{"0":0,"1":0},"b":{},"_coverageSchema":"1a1c01bbd47fc00a2c39e90264f33305004495a9","hash":"1323cb345e8a54da800639032ed233eae323035b"}
,"C:\\Users\\HUGON\\Desktop\\TFEW\\TFErgo\\backend\\src\\controllers\\appointmentController.js": {"path":"C:\\Users\\HUGON\\Desktop\\TFEW\\TFErgo\\backend\\src\\controllers\\appointmentController.js","statementMap":{"0":{"start":{"line":1,"column":25},"end":{"line":1,"column":50}},"1":{"start":{"line":2,"column":15},"end":{"line":2,"column":33}},"2":{"start":{"line":5,"column":22},"end":{"line":5,"column":33}},"3":{"start":{"line":6,"column":2},"end":{"line":29,"column":3}},"4":{"start":{"line":7,"column":25},"end":{"line":24,"column":6}},"5":{"start":{"line":25,"column":4},"end":{"line":25,"column":27}},"6":{"start":{"line":27,"column":4},"end":{"line":27,"column":51}},"7":{"start":{"line":28,"column":4},"end":{"line":28,"column":73}},"8":{"start":{"line":33,"column":17},"end":{"line":33,"column":27}},"9":{"start":{"line":34,"column":2},"end":{"line":57,"column":3}},"10":{"start":{"line":35,"column":24},"end":{"line":52,"column":6}},"11":{"start":{"line":53,"column":4},"end":{"line":53,"column":26}},"12":{"start":{"line":55,"column":4},"end":{"line":55,"column":54}},"13":{"start":{"line":56,"column":4},"end":{"line":56,"column":74}},"14":{"start":{"line":61,"column":22},"end":{"line":61,"column":33}},"15":{"start":{"line":62,"column":24},"end":{"line":62,"column":34}},"16":{"start":{"line":63,"column":2},"end":{"line":89,"column":3}},"17":{"start":{"line":64,"column":25},"end":{"line":84,"column":6}},"18":{"start":{"line":85,"column":4},"end":{"line":85,"column":27}},"19":{"start":{"line":87,"column":4},"end":{"line":87,"column":62}},"20":{"start":{"line":88,"column":4},"end":{"line":88,"column":86}},"21":{"start":{"line":93,"column":22},"end":{"line":93,"column":33}},"22":{"start":{"line":94,"column":85},"end":{"line":94,"column":93}},"23":{"start":{"line":96,"column":2},"end":{"line":98,"column":3}},"24":{"start":{"line":97,"column":4},"end":{"line":97,"column":77}},"25":{"start":{"line":100,"column":21},"end":{"line":100,"column":35}},"26":{"start":{"line":101,"column":2},"end":{"line":103,"column":3}},"27":{"start":{"line":102,"column":4},"end":{"line":102,"column":61}},"28":{"start":{"line":104,"column":2},"end":{"line":106,"column":3}},"29":{"start":{"line":105,"column":4},"end":{"line":105,"column":86}},"30":{"start":{"line":108,"column":2},"end":{"line":132,"column":3}},"31":{"start":{"line":110,"column":21},"end":{"line":112,"column":6}},"32":{"start":{"line":113,"column":4},"end":{"line":115,"column":5}},"33":{"start":{"line":114,"column":6},"end":{"line":114,"column":91}},"34":{"start":{"line":116,"column":24},"end":{"line":127,"column":6}},"35":{"start":{"line":128,"column":4},"end":{"line":128,"column":26}},"36":{"start":{"line":130,"column":4},"end":{"line":130,"column":53}},"37":{"start":{"line":131,"column":4},"end":{"line":131,"column":70}},"38":{"start":{"line":136,"column":17},"end":{"line":136,"column":27}},"39":{"start":{"line":137,"column":74},"end":{"line":137,"column":82}},"40":{"start":{"line":139,"column":2},"end":{"line":141,"column":3}},"41":{"start":{"line":140,"column":4},"end":{"line":140,"column":77}},"42":{"start":{"line":143,"column":21},"end":{"line":143,"column":35}},"43":{"start":{"line":144,"column":2},"end":{"line":146,"column":3}},"44":{"start":{"line":145,"column":4},"end":{"line":145,"column":61}},"45":{"start":{"line":147,"column":2},"end":{"line":149,"column":3}},"46":{"start":{"line":148,"column":4},"end":{"line":148,"column":86}},"47":{"start":{"line":151,"column":2},"end":{"line":171,"column":3}},"48":{"start":{"line":152,"column":20},"end":{"line":162,"column":6}},"49":{"start":{"line":163,"column":4},"end":{"line":163,"column":22}},"50":{"start":{"line":166,"column":4},"end":{"line":168,"column":5}},"51":{"start":{"line":167,"column":6},"end":{"line":167,"column":71}},"52":{"start":{"line":169,"column":4},"end":{"line":169,"column":53}},"53":{"start":{"line":170,"column":4},"end":{"line":170,"column":73}},"54":{"start":{"line":175,"column":22},"end":{"line":175,"column":33}},"55":{"start":{"line":176,"column":24},"end":{"line":176,"column":63}},"56":{"start":{"line":177,"column":16},"end":{"line":177,"column":44}},"57":{"start":{"line":178,"column":14},"end":{"line":178,"column":50}},"58":{"start":{"line":180,"column":2},"end":{"line":204,"column":3}},"59":{"start":{"line":181,"column":25},"end":{"line":199,"column":6}},"60":{"start":{"line":200,"column":4},"end":{"line":200,"column":27}},"61":{"start":{"line":202,"column":4},"end":{"line":202,"column":58}},"62":{"start":{"line":203,"column":4},"end":{"line":203,"column":81}},"63":{"start":{"line":208,"column":17},"end":{"line":208,"column":27}},"64":{"start":{"line":209,"column":2},"end":{"line":217,"column":3}},"65":{"start":{"line":210,"column":4},"end":{"line":212,"column":7}},"66":{"start":{"line":213,"column":4},"end":{"line":213,"column":32}},"67":{"start":{"line":215,"column":4},"end":{"line":215,"column":53}},"68":{"start":{"line":216,"column":4},"end":{"line":216,"column":73}},"69":{"start":{"line":221,"column":24},"end":{"line":221,"column":34}},"70":{"start":{"line":222,"column":2},"end":{"line":231,"column":3}},"71":{"start":{"line":223,"column":18},"end":{"line":226,"column":6}},"72":{"start":{"line":227,"column":4},"end":{"line":227,"column":20}},"73":{"start":{"line":229,"column":4},"end":{"line":229,"column":65}},"74":{"start":{"line":230,"column":4},"end":{"line":230,"column":80}},"75":{"start":{"line":235,"column":28},"end":{"line":235,"column":38}},"76":{"start":{"line":236,"column":24},"end":{"line":236,"column":32}},"77":{"start":{"line":238,"column":2},"end":{"line":249,"column":3}},"78":{"start":{"line":239,"column":25},"end":{"line":244,"column":6}},"79":{"start":{"line":240,"column":41},"end":{"line":243,"column":7}},"80":{"start":{"line":245,"column":4},"end":{"line":245,"column":39}},"81":{"start":{"line":247,"column":4},"end":{"line":247,"column":59}},"82":{"start":{"line":248,"column":4},"end":{"line":248,"column":66}},"83":{"start":{"line":253,"column":17},"end":{"line":253,"column":27}},"84":{"start":{"line":254,"column":2},"end":{"line":266,"column":3}},"85":{"start":{"line":255,"column":22},"end":{"line":260,"column":6}},"86":{"start":{"line":262,"column":4},"end":{"line":262,"column":24}},"87":{"start":{"line":264,"column":4},"end":{"line":264,"column":72}},"88":{"start":{"line":265,"column":4},"end":{"line":265,"column":73}},"89":{"start":{"line":270,"column":17},"end":{"line":270,"column":27}},"90":{"start":{"line":271,"column":23},"end":{"line":271,"column":31}},"91":{"start":{"line":273,"column":2},"end":{"line":282,"column":3}},"92":{"start":{"line":274,"column":28},"end":{"line":277,"column":6}},"93":{"start":{"line":278,"column":4},"end":{"line":278,"column":30}},"94":{"start":{"line":280,"column":4},"end":{"line":280,"column":61}},"95":{"start":{"line":281,"column":4},"end":{"line":281,"column":70}},"96":{"start":{"line":286,"column":31},"end":{"line":286,"column":39}},"97":{"start":{"line":287,"column":2},"end":{"line":298,"column":3}},"98":{"start":{"line":288,"column":17},"end":{"line":293,"column":6}},"99":{"start":{"line":294,"column":4},"end":{"line":294,"column":31}},"100":{"start":{"line":296,"column":4},"end":{"line":296,"column":56}},"101":{"start":{"line":297,"column":4},"end":{"line":297,"column":73}},"102":{"start":{"line":302,"column":24},"end":{"line":302,"column":47}},"103":{"start":{"line":303,"column":26},"end":{"line":303,"column":34}},"104":{"start":{"line":305,"column":2},"end":{"line":321,"column":3}},"105":{"start":{"line":306,"column":4},"end":{"line":308,"column":7}},"106":{"start":{"line":310,"column":4},"end":{"line":315,"column":7}},"107":{"start":{"line":311,"column":45},"end":{"line":314,"column":7}},"108":{"start":{"line":317,"column":4},"end":{"line":317,"column":32}},"109":{"start":{"line":319,"column":4},"end":{"line":319,"column":63}},"110":{"start":{"line":320,"column":4},"end":{"line":320,"column":82}},"111":{"start":{"line":325,"column":17},"end":{"line":325,"column":27}},"112":{"start":{"line":326,"column":2},"end":{"line":341,"column":3}},"113":{"start":{"line":328,"column":4},"end":{"line":330,"column":7}},"114":{"start":{"line":333,"column":4},"end":{"line":335,"column":7}},"115":{"start":{"line":337,"column":4},"end":{"line":337,"column":32}},"116":{"start":{"line":339,"column":4},"end":{"line":339,"column":54}},"117":{"start":{"line":340,"column":4},"end":{"line":340,"column":81}},"118":{"start":{"line":346,"column":0},"end":{"line":361,"column":2}}},"fnMap":{"0":{"name":"getAppointments","decl":{"start":{"line":4,"column":15},"end":{"line":4,"column":30}},"loc":{"start":{"line":4,"column":41},"end":{"line":30,"column":1}},"line":4},"1":{"name":"getAppointmentById","decl":{"start":{"line":32,"column":15},"end":{"line":32,"column":33}},"loc":{"start":{"line":32,"column":44},"end":{"line":58,"column":1}},"line":32},"2":{"name":"getAppointmentsByPatientId","decl":{"start":{"line":60,"column":15},"end":{"line":60,"column":41}},"loc":{"start":{"line":60,"column":52},"end":{"line":90,"column":1}},"line":60},"3":{"name":"createAppointment","decl":{"start":{"line":92,"column":15},"end":{"line":92,"column":32}},"loc":{"start":{"line":92,"column":43},"end":{"line":133,"column":1}},"line":92},"4":{"name":"updateAppointment","decl":{"start":{"line":135,"column":15},"end":{"line":135,"column":32}},"loc":{"start":{"line":135,"column":43},"end":{"line":172,"column":1}},"line":135},"5":{"name":"getAppointmentsByMonth","decl":{"start":{"line":174,"column":15},"end":{"line":174,"column":37}},"loc":{"start":{"line":174,"column":48},"end":{"line":205,"column":1}},"line":174},"6":{"name":"deleteAppointment","decl":{"start":{"line":207,"column":15},"end":{"line":207,"column":32}},"loc":{"start":{"line":207,"column":43},"end":{"line":218,"column":1}},"line":207},"7":{"name":"getEvaluationItemsByPatient","decl":{"start":{"line":220,"column":15},"end":{"line":220,"column":42}},"loc":{"start":{"line":220,"column":53},"end":{"line":232,"column":1}},"line":220},"8":{"name":"addAppointmentFeedbacks","decl":{"start":{"line":234,"column":15},"end":{"line":234,"column":38}},"loc":{"start":{"line":234,"column":49},"end":{"line":250,"column":1}},"line":234},"9":{"name":"(anonymous_9)","decl":{"start":{"line":240,"column":26},"end":{"line":240,"column":27}},"loc":{"start":{"line":240,"column":41},"end":{"line":243,"column":7}},"line":240},"10":{"name":"getAppointmentFeedbacksByAppointment","decl":{"start":{"line":252,"column":15},"end":{"line":252,"column":51}},"loc":{"start":{"line":252,"column":62},"end":{"line":267,"column":1}},"line":252},"11":{"name":"updateAppointmentFeedback","decl":{"start":{"line":269,"column":15},"end":{"line":269,"column":40}},"loc":{"start":{"line":269,"column":51},"end":{"line":283,"column":1}},"line":269},"12":{"name":"createEvaluationItem","decl":{"start":{"line":285,"column":15},"end":{"line":285,"column":35}},"loc":{"start":{"line":285,"column":46},"end":{"line":299,"column":1}},"line":285},"13":{"name":"linkActivitiesToAppointment","decl":{"start":{"line":301,"column":15},"end":{"line":301,"column":42}},"loc":{"start":{"line":301,"column":53},"end":{"line":322,"column":1}},"line":301},"14":{"name":"(anonymous_14)","decl":{"start":{"line":311,"column":28},"end":{"line":311,"column":29}},"loc":{"start":{"line":311,"column":45},"end":{"line":314,"column":7}},"line":311},"15":{"name":"deleteEvaluationItem","decl":{"start":{"line":324,"column":15},"end":{"line":324,"column":35}},"loc":{"start":{"line":324,"column":46},"end":{"line":342,"column":1}},"line":324}},"branchMap":{"0":{"loc":{"start":{"line":96,"column":2},"end":{"line":98,"column":3}},"type":"if","locations":[{"start":{"line":96,"column":2},"end":{"line":98,"column":3}},{"start":{},"end":{}}],"line":96},"1":{"loc":{"start":{"line":96,"column":6},"end":{"line":96,"column":35}},"type":"binary-expr","locations":[{"start":{"line":96,"column":6},"end":{"line":96,"column":12}},{"start":{"line":96,"column":16},"end":{"line":96,"column":26}},{"start":{"line":96,"column":30},"end":{"line":96,"column":35}}],"line":96},"2":{"loc":{"start":{"line":101,"column":2},"end":{"line":103,"column":3}},"type":"if","locations":[{"start":{"line":101,"column":2},"end":{"line":103,"column":3}},{"start":{},"end":{}}],"line":101},"3":{"loc":{"start":{"line":104,"column":2},"end":{"line":106,"column":3}},"type":"if","locations":[{"start":{"line":104,"column":2},"end":{"line":106,"column":3}},{"start":{},"end":{}}],"line":104},"4":{"loc":{"start":{"line":113,"column":4},"end":{"line":115,"column":5}},"type":"if","locations":[{"start":{"line":113,"column":4},"end":{"line":115,"column":5}},{"start":{},"end":{}}],"line":113},"5":{"loc":{"start":{"line":139,"column":2},"end":{"line":141,"column":3}},"type":"if","locations":[{"start":{"line":139,"column":2},"end":{"line":141,"column":3}},{"start":{},"end":{}}],"line":139},"6":{"loc":{"start":{"line":139,"column":6},"end":{"line":139,"column":21}},"type":"binary-expr","locations":[{"start":{"line":139,"column":6},"end":{"line":139,"column":12}},{"start":{"line":139,"column":16},"end":{"line":139,"column":21}}],"line":139},"7":{"loc":{"start":{"line":144,"column":2},"end":{"line":146,"column":3}},"type":"if","locations":[{"start":{"line":144,"column":2},"end":{"line":146,"column":3}},{"start":{},"end":{}}],"line":144},"8":{"loc":{"start":{"line":147,"column":2},"end":{"line":149,"column":3}},"type":"if","locations":[{"start":{"line":147,"column":2},"end":{"line":149,"column":3}},{"start":{},"end":{}}],"line":147},"9":{"loc":{"start":{"line":166,"column":4},"end":{"line":168,"column":5}},"type":"if","locations":[{"start":{"line":166,"column":4},"end":{"line":168,"column":5}},{"start":{},"end":{}}],"line":166}},"s":{"0":14,"1":14,"2":0,"3":0,"4":0,"5":0,"6":0,"7":0,"8":0,"9":0,"10":0,"11":0,"12":0,"13":0,"14":0,"15":0,"16":0,"17":0,"18":0,"19":0,"20":0,"21":2,"22":2,"23":2,"24":0,"25":2,"26":2,"27":0,"28":2,"29":0,"30":2,"31":2,"32":2,"33":2,"34":0,"35":0,"36":0,"37":0,"38":0,"39":0,"40":0,"41":0,"42":0,"43":0,"44":0,"45":0,"46":0,"47":0,"48":0,"49":0,"50":0,"51":0,"52":0,"53":0,"54":0,"55":0,"56":0,"57":0,"58":0,"59":0,"60":0,"61":0,"62":0,"63":0,"64":0,"65":0,"66":0,"67":0,"68":0,"69":0,"70":0,"71":0,"72":0,"73":0,"74":0,"75":0,"76":0,"77":0,"78":0,"79":0,"80":0,"81":0,"82":0,"83":0,"84":0,"85":0,"86":0,"87":0,"88":0,"89":0,"90":0,"91":0,"92":0,"93":0,"94":0,"95":0,"96":0,"97":0,"98":0,"99":0,"100":0,"101":0,"102":0,"103":0,"104":0,"105":0,"106":0,"107":0,"108":0,"109":0,"110":0,"111":0,"112":0,"113":0,"114":0,"115":0,"116":0,"117":0,"118":14},"f":{"0":0,"1":0,"2":0,"3":2,"4":0,"5":0,"6":0,"7":0,"8":0,"9":0,"10":0,"11":0,"12":0,"13":0,"14":0,"15":0},"b":{"0":[0,2],"1":[2,2,2],"2":[0,2],"3":[0,2],"4":[2,0],"5":[0,0],"6":[0,0],"7":[0,0],"8":[0,0],"9":[0,0]},"_coverageSchema":"1a1c01bbd47fc00a2c39e90264f33305004495a9","hash":"4a93b37a0c0bdf1c4664dee1aca4f8214eaf5a4d"}
,"C:\\Users\\HUGON\\Desktop\\TFEW\\TFErgo\\backend\\src\\controllers\\authController.js": {"path":"C:\\Users\\HUGON\\Desktop\\TFEW\\TFErgo\\backend\\src\\controllers\\authController.js","statementMap":{"0":{"start":{"line":1,"column":12},"end":{"line":1,"column":35}},"1":{"start":{"line":2,"column":15},"end":{"line":2,"column":32}},"2":{"start":{"line":3,"column":25},"end":{"line":3,"column":50}},"3":{"start":{"line":4,"column":15},"end":{"line":4,"column":33}},"4":{"start":{"line":6,"column":14},"end":{"line":36,"column":1}},"5":{"start":{"line":7,"column":30},"end":{"line":7,"column":38}},"6":{"start":{"line":9,"column":2},"end":{"line":35,"column":3}},"7":{"start":{"line":10,"column":22},"end":{"line":10,"column":77}},"8":{"start":{"line":11,"column":4},"end":{"line":13,"column":5}},"9":{"start":{"line":12,"column":6},"end":{"line":12,"column":65}},"10":{"start":{"line":15,"column":18},"end":{"line":15,"column":72}},"11":{"start":{"line":16,"column":4},"end":{"line":18,"column":5}},"12":{"start":{"line":17,"column":6},"end":{"line":17,"column":72}},"13":{"start":{"line":20,"column":18},"end":{"line":22,"column":6}},"14":{"start":{"line":24,"column":4},"end":{"line":29,"column":6}},"15":{"start":{"line":31,"column":4},"end":{"line":31,"column":48}},"16":{"start":{"line":33,"column":4},"end":{"line":33,"column":22}},"17":{"start":{"line":34,"column":4},"end":{"line":34,"column":55}},"18":{"start":{"line":40,"column":11},"end":{"line":50,"column":3}},"19":{"start":{"line":41,"column":18},"end":{"line":41,"column":35}},"20":{"start":{"line":42,"column":4},"end":{"line":42,"column":75}},"21":{"start":{"line":42,"column":16},"end":{"line":42,"column":75}},"22":{"start":{"line":44,"column":4},"end":{"line":49,"column":5}},"23":{"start":{"line":45,"column":22},"end":{"line":45,"column":63}},"24":{"start":{"line":46,"column":6},"end":{"line":46,"column":76}},"25":{"start":{"line":48,"column":6},"end":{"line":48,"column":57}},"26":{"start":{"line":52,"column":15},"end":{"line":59,"column":1}},"27":{"start":{"line":53,"column":4},"end":{"line":57,"column":6}},"28":{"start":{"line":58,"column":4},"end":{"line":58,"column":39}},"29":{"start":{"line":62,"column":0},"end":{"line":62,"column":38}}},"fnMap":{"0":{"name":"(anonymous_0)","decl":{"start":{"line":6,"column":14},"end":{"line":6,"column":15}},"loc":{"start":{"line":6,"column":34},"end":{"line":36,"column":1}},"line":6},"1":{"name":"(anonymous_1)","decl":{"start":{"line":40,"column":11},"end":{"line":40,"column":12}},"loc":{"start":{"line":40,"column":25},"end":{"line":50,"column":3}},"line":40},"2":{"name":"(anonymous_2)","decl":{"start":{"line":52,"column":15},"end":{"line":52,"column":16}},"loc":{"start":{"line":52,"column":29},"end":{"line":59,"column":1}},"line":52}},"branchMap":{"0":{"loc":{"start":{"line":11,"column":4},"end":{"line":13,"column":5}},"type":"if","locations":[{"start":{"line":11,"column":4},"end":{"line":13,"column":5}},{"start":{},"end":{}}],"line":11},"1":{"loc":{"start":{"line":16,"column":4},"end":{"line":18,"column":5}},"type":"if","locations":[{"start":{"line":16,"column":4},"end":{"line":18,"column":5}},{"start":{},"end":{}}],"line":16},"2":{"loc":{"start":{"line":42,"column":4},"end":{"line":42,"column":75}},"type":"if","locations":[{"start":{"line":42,"column":4},"end":{"line":42,"column":75}},{"start":{},"end":{}}],"line":42}},"s":{"0":14,"1":14,"2":14,"3":14,"4":14,"5":1,"6":1,"7":1,"8":1,"9":1,"10":0,"11":0,"12":0,"13":0,"14":0,"15":0,"16":0,"17":0,"18":14,"19":0,"20":0,"21":0,"22":0,"23":0,"24":0,"25":0,"26":14,"27":0,"28":0,"29":14},"f":{"0":1,"1":0,"2":0},"b":{"0":[1,0],"1":[0,0],"2":[0,0]},"_coverageSchema":"1a1c01bbd47fc00a2c39e90264f33305004495a9","hash":"c21f6f8c6634307838e42b618e694ff670766ead"}
,"C:\\Users\\HUGON\\Desktop\\TFEW\\TFErgo\\backend\\src\\controllers\\contactController.js": {"path":"C:\\Users\\HUGON\\Desktop\\TFEW\\TFErgo\\backend\\src\\controllers\\contactController.js","statementMap":{"0":{"start":{"line":1,"column":25},"end":{"line":1,"column":50}},"1":{"start":{"line":2,"column":15},"end":{"line":2,"column":33}},"2":{"start":{"line":6,"column":24},"end":{"line":6,"column":34}},"3":{"start":{"line":7,"column":22},"end":{"line":7,"column":33}},"4":{"start":{"line":9,"column":2},"end":{"line":18,"column":3}},"5":{"start":{"line":10,"column":21},"end":{"line":13,"column":6}},"6":{"start":{"line":14,"column":4},"end":{"line":14,"column":23}},"7":{"start":{"line":16,"column":4},"end":{"line":16,"column":23}},"8":{"start":{"line":17,"column":4},"end":{"line":17,"column":80}},"9":{"start":{"line":23,"column":24},"end":{"line":23,"column":34}},"10":{"start":{"line":24,"column":15},"end":{"line":24,"column":23}},"11":{"start":{"line":27,"column":2},"end":{"line":29,"column":3}},"12":{"start":{"line":28,"column":4},"end":{"line":28,"column":97}},"13":{"start":{"line":31,"column":2},"end":{"line":39,"column":3}},"14":{"start":{"line":32,"column":20},"end":{"line":34,"column":6}},"15":{"start":{"line":35,"column":4},"end":{"line":35,"column":34}},"16":{"start":{"line":37,"column":4},"end":{"line":37,"column":23}},"17":{"start":{"line":38,"column":4},"end":{"line":38,"column":79}},"18":{"start":{"line":44,"column":17},"end":{"line":44,"column":27}},"19":{"start":{"line":45,"column":15},"end":{"line":45,"column":23}},"20":{"start":{"line":47,"column":2},"end":{"line":56,"column":3}},"21":{"start":{"line":48,"column":20},"end":{"line":51,"column":6}},"22":{"start":{"line":52,"column":4},"end":{"line":52,"column":22}},"23":{"start":{"line":54,"column":4},"end":{"line":54,"column":23}},"24":{"start":{"line":55,"column":4},"end":{"line":55,"column":68}},"25":{"start":{"line":61,"column":17},"end":{"line":61,"column":27}},"26":{"start":{"line":63,"column":2},"end":{"line":69,"column":3}},"27":{"start":{"line":64,"column":4},"end":{"line":64,"column":65}},"28":{"start":{"line":65,"column":4},"end":{"line":65,"column":46}},"29":{"start":{"line":67,"column":4},"end":{"line":67,"column":23}},"30":{"start":{"line":68,"column":4},"end":{"line":68,"column":68}},"31":{"start":{"line":72,"column":0},"end":{"line":72,"column":75}}},"fnMap":{"0":{"name":"getContacts","decl":{"start":{"line":5,"column":15},"end":{"line":5,"column":26}},"loc":{"start":{"line":5,"column":37},"end":{"line":19,"column":1}},"line":5},"1":{"name":"addContact","decl":{"start":{"line":22,"column":15},"end":{"line":22,"column":25}},"loc":{"start":{"line":22,"column":36},"end":{"line":40,"column":1}},"line":22},"2":{"name":"updateContact","decl":{"start":{"line":43,"column":15},"end":{"line":43,"column":28}},"loc":{"start":{"line":43,"column":39},"end":{"line":57,"column":1}},"line":43},"3":{"name":"deleteContact","decl":{"start":{"line":60,"column":15},"end":{"line":60,"column":28}},"loc":{"start":{"line":60,"column":39},"end":{"line":70,"column":1}},"line":60}},"branchMap":{"0":{"loc":{"start":{"line":27,"column":2},"end":{"line":29,"column":3}},"type":"if","locations":[{"start":{"line":27,"column":2},"end":{"line":29,"column":3}},{"start":{},"end":{}}],"line":27}},"s":{"0":14,"1":14,"2":1,"3":1,"4":1,"5":1,"6":1,"7":0,"8":0,"9":2,"10":2,"11":2,"12":1,"13":1,"14":1,"15":1,"16":0,"17":0,"18":0,"19":0,"20":0,"21":0,"22":0,"23":0,"24":0,"25":1,"26":1,"27":1,"28":1,"29":0,"30":0,"31":14},"f":{"0":1,"1":2,"2":0,"3":1},"b":{"0":[1,1]},"_coverageSchema":"1a1c01bbd47fc00a2c39e90264f33305004495a9","hash":"99538913765ff7a7f37a480df3561df6e892009c"}
,"C:\\Users\\HUGON\\Desktop\\TFEW\\TFErgo\\backend\\src\\controllers\\goalController.js": {"path":"C:\\Users\\HUGON\\Desktop\\TFEW\\TFErgo\\backend\\src\\controllers\\goalController.js","statementMap":{"0":{"start":{"line":1,"column":25},"end":{"line":1,"column":50}},"1":{"start":{"line":2,"column":15},"end":{"line":2,"column":33}},"2":{"start":{"line":4,"column":17},"end":{"line":11,"column":1}},"3":{"start":{"line":5,"column":2},"end":{"line":10,"column":3}},"4":{"start":{"line":6,"column":18},"end":{"line":6,"column":59}},"5":{"start":{"line":7,"column":4},"end":{"line":7,"column":20}},"6":{"start":{"line":9,"column":4},"end":{"line":9,"column":61}},"7":{"start":{"line":13,"column":19},"end":{"line":31,"column":1}},"8":{"start":{"line":14,"column":32},"end":{"line":14,"column":40}},"9":{"start":{"line":15,"column":2},"end":{"line":30,"column":3}},"10":{"start":{"line":17,"column":25},"end":{"line":19,"column":6}},"11":{"start":{"line":20,"column":4},"end":{"line":22,"column":5}},"12":{"start":{"line":21,"column":6},"end":{"line":21,"column":74}},"13":{"start":{"line":24,"column":20},"end":{"line":26,"column":6}},"14":{"start":{"line":27,"column":4},"end":{"line":27,"column":34}},"15":{"start":{"line":29,"column":4},"end":{"line":29,"column":61}},"16":{"start":{"line":33,"column":19},"end":{"line":59,"column":1}},"17":{"start":{"line":34,"column":17},"end":{"line":34,"column":27}},"18":{"start":{"line":35,"column":32},"end":{"line":35,"column":40}},"19":{"start":{"line":36,"column":2},"end":{"line":45,"column":3}},"20":{"start":{"line":38,"column":21},"end":{"line":38,"column":93}},"21":{"start":{"line":39,"column":4},"end":{"line":44,"column":5}},"22":{"start":{"line":40,"column":6},"end":{"line":40,"column":68}},"23":{"start":{"line":43,"column":6},"end":{"line":43,"column":71}},"24":{"start":{"line":46,"column":2},"end":{"line":58,"column":3}},"25":{"start":{"line":47,"column":20},"end":{"line":50,"column":6}},"26":{"start":{"line":51,"column":4},"end":{"line":51,"column":22}},"27":{"start":{"line":54,"column":4},"end":{"line":56,"column":5}},"28":{"start":{"line":55,"column":6},"end":{"line":55,"column":68}},"29":{"start":{"line":57,"column":4},"end":{"line":57,"column":61}},"30":{"start":{"line":61,"column":19},"end":{"line":69,"column":1}},"31":{"start":{"line":62,"column":17},"end":{"line":62,"column":27}},"32":{"start":{"line":63,"column":2},"end":{"line":68,"column":3}},"33":{"start":{"line":64,"column":4},"end":{"line":64,"column":73}},"34":{"start":{"line":65,"column":4},"end":{"line":65,"column":32}},"35":{"start":{"line":67,"column":4},"end":{"line":67,"column":61}},"36":{"start":{"line":71,"column":0},"end":{"line":76,"column":2}}},"fnMap":{"0":{"name":"(anonymous_0)","decl":{"start":{"line":4,"column":17},"end":{"line":4,"column":18}},"loc":{"start":{"line":4,"column":37},"end":{"line":11,"column":1}},"line":4},"1":{"name":"(anonymous_1)","decl":{"start":{"line":13,"column":19},"end":{"line":13,"column":20}},"loc":{"start":{"line":13,"column":39},"end":{"line":31,"column":1}},"line":13},"2":{"name":"(anonymous_2)","decl":{"start":{"line":33,"column":19},"end":{"line":33,"column":20}},"loc":{"start":{"line":33,"column":39},"end":{"line":59,"column":1}},"line":33},"3":{"name":"(anonymous_3)","decl":{"start":{"line":61,"column":19},"end":{"line":61,"column":20}},"loc":{"start":{"line":61,"column":39},"end":{"line":69,"column":1}},"line":61}},"branchMap":{"0":{"loc":{"start":{"line":20,"column":4},"end":{"line":22,"column":5}},"type":"if","locations":[{"start":{"line":20,"column":4},"end":{"line":22,"column":5}},{"start":{},"end":{}}],"line":20},"1":{"loc":{"start":{"line":36,"column":2},"end":{"line":45,"column":3}},"type":"if","locations":[{"start":{"line":36,"column":2},"end":{"line":45,"column":3}},{"start":{},"end":{}}],"line":36},"2":{"loc":{"start":{"line":36,"column":6},"end":{"line":36,"column":33}},"type":"binary-expr","locations":[{"start":{"line":36,"column":6},"end":{"line":36,"column":11}},{"start":{"line":36,"column":15},"end":{"line":36,"column":33}}],"line":36},"3":{"loc":{"start":{"line":39,"column":4},"end":{"line":44,"column":5}},"type":"if","locations":[{"start":{"line":39,"column":4},"end":{"line":44,"column":5}},{"start":{"line":41,"column":11},"end":{"line":44,"column":5}}],"line":39},"4":{"loc":{"start":{"line":54,"column":4},"end":{"line":56,"column":5}},"type":"if","locations":[{"start":{"line":54,"column":4},"end":{"line":56,"column":5}},{"start":{},"end":{}}],"line":54}},"s":{"0":14,"1":14,"2":14,"3":1,"4":1,"5":1,"6":0,"7":14,"8":2,"9":2,"10":2,"11":2,"12":1,"13":1,"14":1,"15":0,"16":14,"17":0,"18":0,"19":0,"20":0,"21":0,"22":0,"23":0,"24":0,"25":0,"26":0,"27":0,"28":0,"29":0,"30":14,"31":1,"32":1,"33":1,"34":1,"35":0,"36":14},"f":{"0":1,"1":2,"2":0,"3":1},"b":{"0":[1,1],"1":[0,0],"2":[0,0],"3":[0,0],"4":[0,0]},"_coverageSchema":"1a1c01bbd47fc00a2c39e90264f33305004495a9","hash":"60f0108eb147fb2271d591d16d6d78197de92b84"}
,"C:\\Users\\HUGON\\Desktop\\TFEW\\TFErgo\\backend\\src\\controllers\\healthDataController.js": {"path":"C:\\Users\\HUGON\\Desktop\\TFEW\\TFErgo\\backend\\src\\controllers\\healthDataController.js","statementMap":{"0":{"start":{"line":1,"column":25},"end":{"line":1,"column":50}},"1":{"start":{"line":2,"column":15},"end":{"line":2,"column":33}},"2":{"start":{"line":4,"column":25},"end":{"line":18,"column":1}},"3":{"start":{"line":5,"column":17},"end":{"line":5,"column":27}},"4":{"start":{"line":6,"column":64},"end":{"line":6,"column":72}},"5":{"start":{"line":8,"column":2},"end":{"line":17,"column":3}},"6":{"start":{"line":9,"column":20},"end":{"line":12,"column":6}},"7":{"start":{"line":13,"column":4},"end":{"line":13,"column":22}},"8":{"start":{"line":15,"column":4},"end":{"line":15,"column":53}},"9":{"start":{"line":16,"column":4},"end":{"line":16,"column":70}},"10":{"start":{"line":20,"column":22},"end":{"line":46,"column":1}},"11":{"start":{"line":21,"column":17},"end":{"line":21,"column":27}},"12":{"start":{"line":24,"column":2},"end":{"line":26,"column":3}},"13":{"start":{"line":25,"column":4},"end":{"line":25,"column":62}},"14":{"start":{"line":28,"column":2},"end":{"line":45,"column":3}},"15":{"start":{"line":29,"column":20},"end":{"line":37,"column":6}},"16":{"start":{"line":38,"column":4},"end":{"line":40,"column":5}},"17":{"start":{"line":39,"column":6},"end":{"line":39,"column":67}},"18":{"start":{"line":41,"column":4},"end":{"line":41,"column":22}},"19":{"start":{"line":43,"column":4},"end":{"line":43,"column":50}},"20":{"start":{"line":44,"column":4},"end":{"line":44,"column":71}},"21":{"start":{"line":48,"column":0},"end":{"line":51,"column":2}}},"fnMap":{"0":{"name":"(anonymous_0)","decl":{"start":{"line":4,"column":25},"end":{"line":4,"column":26}},"loc":{"start":{"line":4,"column":45},"end":{"line":18,"column":1}},"line":4},"1":{"name":"(anonymous_1)","decl":{"start":{"line":20,"column":22},"end":{"line":20,"column":23}},"loc":{"start":{"line":20,"column":42},"end":{"line":46,"column":1}},"line":20}},"branchMap":{"0":{"loc":{"start":{"line":24,"column":2},"end":{"line":26,"column":3}},"type":"if","locations":[{"start":{"line":24,"column":2},"end":{"line":26,"column":3}},{"start":{},"end":{}}],"line":24},"1":{"loc":{"start":{"line":24,"column":6},"end":{"line":24,"column":31}},"type":"binary-expr","locations":[{"start":{"line":24,"column":6},"end":{"line":24,"column":15}},{"start":{"line":24,"column":19},"end":{"line":24,"column":31}}],"line":24},"2":{"loc":{"start":{"line":38,"column":4},"end":{"line":40,"column":5}},"type":"if","locations":[{"start":{"line":38,"column":4},"end":{"line":40,"column":5}},{"start":{},"end":{}}],"line":38}},"s":{"0":14,"1":14,"2":14,"3":0,"4":0,"5":0,"6":0,"7":0,"8":0,"9":0,"10":14,"11":0,"12":0,"13":0,"14":0,"15":0,"16":0,"17":0,"18":0,"19":0,"20":0,"21":14},"f":{"0":0,"1":0},"b":{"0":[0,0],"1":[0,0],"2":[0,0]},"_coverageSchema":"1a1c01bbd47fc00a2c39e90264f33305004495a9","hash":"db7d931493fc745ccd5a62e8389ca199f8f0414c"}
,"C:\\Users\\HUGON\\Desktop\\TFEW\\TFErgo\\backend\\src\\controllers\\materialController.js": {"path":"C:\\Users\\HUGON\\Desktop\\TFEW\\TFErgo\\backend\\src\\controllers\\materialController.js","statementMap":{"0":{"start":{"line":1,"column":25},"end":{"line":1,"column":50}},"1":{"start":{"line":2,"column":15},"end":{"line":2,"column":33}},"2":{"start":{"line":4,"column":21},"end":{"line":14,"column":1}},"3":{"start":{"line":5,"column":2},"end":{"line":13,"column":3}},"4":{"start":{"line":6,"column":22},"end":{"line":8,"column":6}},"5":{"start":{"line":9,"column":4},"end":{"line":9,"column":24}},"6":{"start":{"line":11,"column":4},"end":{"line":11,"column":54}},"7":{"start":{"line":12,"column":4},"end":{"line":12,"column":65}},"8":{"start":{"line":16,"column":23},"end":{"line":34,"column":1}},"9":{"start":{"line":17,"column":32},"end":{"line":17,"column":40}},"10":{"start":{"line":18,"column":2},"end":{"line":33,"column":3}},"11":{"start":{"line":20,"column":29},"end":{"line":22,"column":6}},"12":{"start":{"line":23,"column":4},"end":{"line":25,"column":5}},"13":{"start":{"line":24,"column":6},"end":{"line":24,"column":73}},"14":{"start":{"line":27,"column":21},"end":{"line":29,"column":6}},"15":{"start":{"line":30,"column":4},"end":{"line":30,"column":35}},"16":{"start":{"line":32,"column":4},"end":{"line":32,"column":65}},"17":{"start":{"line":36,"column":23},"end":{"line":62,"column":1}},"18":{"start":{"line":37,"column":17},"end":{"line":37,"column":27}},"19":{"start":{"line":38,"column":32},"end":{"line":38,"column":40}},"20":{"start":{"line":39,"column":2},"end":{"line":48,"column":3}},"21":{"start":{"line":41,"column":21},"end":{"line":41,"column":84}},"22":{"start":{"line":42,"column":4},"end":{"line":47,"column":5}},"23":{"start":{"line":43,"column":6},"end":{"line":43,"column":68}},"24":{"start":{"line":46,"column":6},"end":{"line":46,"column":71}},"25":{"start":{"line":49,"column":2},"end":{"line":61,"column":3}},"26":{"start":{"line":50,"column":28},"end":{"line":53,"column":6}},"27":{"start":{"line":54,"column":4},"end":{"line":54,"column":30}},"28":{"start":{"line":57,"column":4},"end":{"line":59,"column":5}},"29":{"start":{"line":58,"column":6},"end":{"line":58,"column":68}},"30":{"start":{"line":60,"column":4},"end":{"line":60,"column":65}},"31":{"start":{"line":64,"column":23},"end":{"line":74,"column":1}},"32":{"start":{"line":65,"column":17},"end":{"line":65,"column":27}},"33":{"start":{"line":66,"column":2},"end":{"line":73,"column":3}},"34":{"start":{"line":67,"column":4},"end":{"line":69,"column":7}},"35":{"start":{"line":70,"column":4},"end":{"line":70,"column":27}},"36":{"start":{"line":72,"column":4},"end":{"line":72,"column":65}},"37":{"start":{"line":76,"column":0},"end":{"line":81,"column":2}}},"fnMap":{"0":{"name":"(anonymous_0)","decl":{"start":{"line":4,"column":21},"end":{"line":4,"column":22}},"loc":{"start":{"line":4,"column":41},"end":{"line":14,"column":1}},"line":4},"1":{"name":"(anonymous_1)","decl":{"start":{"line":16,"column":23},"end":{"line":16,"column":24}},"loc":{"start":{"line":16,"column":43},"end":{"line":34,"column":1}},"line":16},"2":{"name":"(anonymous_2)","decl":{"start":{"line":36,"column":23},"end":{"line":36,"column":24}},"loc":{"start":{"line":36,"column":43},"end":{"line":62,"column":1}},"line":36},"3":{"name":"(anonymous_3)","decl":{"start":{"line":64,"column":23},"end":{"line":64,"column":24}},"loc":{"start":{"line":64,"column":43},"end":{"line":74,"column":1}},"line":64}},"branchMap":{"0":{"loc":{"start":{"line":23,"column":4},"end":{"line":25,"column":5}},"type":"if","locations":[{"start":{"line":23,"column":4},"end":{"line":25,"column":5}},{"start":{},"end":{}}],"line":23},"1":{"loc":{"start":{"line":39,"column":2},"end":{"line":48,"column":3}},"type":"if","locations":[{"start":{"line":39,"column":2},"end":{"line":48,"column":3}},{"start":{},"end":{}}],"line":39},"2":{"loc":{"start":{"line":39,"column":6},"end":{"line":39,"column":33}},"type":"binary-expr","locations":[{"start":{"line":39,"column":6},"end":{"line":39,"column":11}},{"start":{"line":39,"column":15},"end":{"line":39,"column":33}}],"line":39},"3":{"loc":{"start":{"line":42,"column":4},"end":{"line":47,"column":5}},"type":"if","locations":[{"start":{"line":42,"column":4},"end":{"line":47,"column":5}},{"start":{"line":44,"column":11},"end":{"line":47,"column":5}}],"line":42},"4":{"loc":{"start":{"line":57,"column":4},"end":{"line":59,"column":5}},"type":"if","locations":[{"start":{"line":57,"column":4},"end":{"line":59,"column":5}},{"start":{},"end":{}}],"line":57}},"s":{"0":14,"1":14,"2":14,"3":1,"4":1,"5":1,"6":0,"7":0,"8":14,"9":2,"10":2,"11":2,"12":2,"13":1,"14":1,"15":1,"16":0,"17":14,"18":0,"19":0,"20":0,"21":0,"22":0,"23":0,"24":0,"25":0,"26":0,"27":0,"28":0,"29":0,"30":0,"31":14,"32":1,"33":1,"34":1,"35":1,"36":0,"37":14},"f":{"0":1,"1":2,"2":0,"3":1},"b":{"0":[1,1],"1":[0,0],"2":[0,0],"3":[0,0],"4":[0,0]},"_coverageSchema":"1a1c01bbd47fc00a2c39e90264f33305004495a9","hash":"35edebe0fd93a47e7157191e4248c43ae842ea63"}
,"C:\\Users\\HUGON\\Desktop\\TFEW\\TFErgo\\backend\\src\\controllers\\motifController.js": {"path":"C:\\Users\\HUGON\\Desktop\\TFEW\\TFErgo\\backend\\src\\controllers\\motifController.js","statementMap":{"0":{"start":{"line":1,"column":25},"end":{"line":1,"column":50}},"1":{"start":{"line":2,"column":15},"end":{"line":2,"column":33}},"2":{"start":{"line":6,"column":24},"end":{"line":6,"column":34}},"3":{"start":{"line":7,"column":2},"end":{"line":17,"column":3}},"4":{"start":{"line":8,"column":19},"end":{"line":12,"column":6}},"5":{"start":{"line":13,"column":4},"end":{"line":13,"column":21}},"6":{"start":{"line":15,"column":4},"end":{"line":15,"column":23}},"7":{"start":{"line":16,"column":4},"end":{"line":16,"column":64}},"8":{"start":{"line":22,"column":24},"end":{"line":22,"column":34}},"9":{"start":{"line":23,"column":15},"end":{"line":23,"column":23}},"10":{"start":{"line":26,"column":2},"end":{"line":28,"column":3}},"11":{"start":{"line":27,"column":4},"end":{"line":27,"column":94}},"12":{"start":{"line":30,"column":2},"end":{"line":49,"column":3}},"13":{"start":{"line":31,"column":21},"end":{"line":44,"column":6}},"14":{"start":{"line":45,"column":4},"end":{"line":45,"column":35}},"15":{"start":{"line":47,"column":4},"end":{"line":47,"column":23}},"16":{"start":{"line":48,"column":4},"end":{"line":48,"column":61}},"17":{"start":{"line":54,"column":17},"end":{"line":54,"column":27}},"18":{"start":{"line":55,"column":15},"end":{"line":55,"column":23}},"19":{"start":{"line":58,"column":2},"end":{"line":64,"column":3}},"20":{"start":{"line":59,"column":4},"end":{"line":63,"column":5}},"21":{"start":{"line":60,"column":6},"end":{"line":62,"column":7}},"22":{"start":{"line":61,"column":8},"end":{"line":61,"column":112}},"23":{"start":{"line":66,"column":2},"end":{"line":85,"column":3}},"24":{"start":{"line":74,"column":8},"end":{"line":74,"column":12}},"25":{"start":{"line":76,"column":20},"end":{"line":79,"column":6}},"26":{"start":{"line":81,"column":4},"end":{"line":81,"column":22}},"27":{"start":{"line":83,"column":4},"end":{"line":83,"column":23}},"28":{"start":{"line":84,"column":4},"end":{"line":84,"column":59}},"29":{"start":{"line":90,"column":17},"end":{"line":90,"column":27}},"30":{"start":{"line":91,"column":2},"end":{"line":97,"column":3}},"31":{"start":{"line":92,"column":4},"end":{"line":92,"column":76}},"32":{"start":{"line":93,"column":4},"end":{"line":93,"column":32}},"33":{"start":{"line":95,"column":4},"end":{"line":95,"column":23}},"34":{"start":{"line":96,"column":4},"end":{"line":96,"column":64}},"35":{"start":{"line":100,"column":0},"end":{"line":100,"column":67}}},"fnMap":{"0":{"name":"getMotifs","decl":{"start":{"line":5,"column":15},"end":{"line":5,"column":24}},"loc":{"start":{"line":5,"column":35},"end":{"line":18,"column":1}},"line":5},"1":{"name":"addMotif","decl":{"start":{"line":21,"column":15},"end":{"line":21,"column":23}},"loc":{"start":{"line":21,"column":34},"end":{"line":50,"column":1}},"line":21},"2":{"name":"updateMotif","decl":{"start":{"line":53,"column":15},"end":{"line":53,"column":26}},"loc":{"start":{"line":53,"column":37},"end":{"line":86,"column":1}},"line":53},"3":{"name":"deleteMotif","decl":{"start":{"line":89,"column":15},"end":{"line":89,"column":26}},"loc":{"start":{"line":89,"column":37},"end":{"line":98,"column":1}},"line":89}},"branchMap":{"0":{"loc":{"start":{"line":26,"column":2},"end":{"line":28,"column":3}},"type":"if","locations":[{"start":{"line":26,"column":2},"end":{"line":28,"column":3}},{"start":{},"end":{}}],"line":26},"1":{"loc":{"start":{"line":34,"column":21},"end":{"line":34,"column":43}},"type":"binary-expr","locations":[{"start":{"line":34,"column":21},"end":{"line":34,"column":37}},{"start":{"line":34,"column":41},"end":{"line":34,"column":43}}],"line":34},"2":{"loc":{"start":{"line":35,"column":13},"end":{"line":35,"column":27}},"type":"binary-expr","locations":[{"start":{"line":35,"column":13},"end":{"line":35,"column":21}},{"start":{"line":35,"column":25},"end":{"line":35,"column":27}}],"line":35},"3":{"loc":{"start":{"line":36,"column":26},"end":{"line":36,"column":53}},"type":"binary-expr","locations":[{"start":{"line":36,"column":26},"end":{"line":36,"column":47}},{"start":{"line":36,"column":51},"end":{"line":36,"column":53}}],"line":36},"4":{"loc":{"start":{"line":37,"column":21},"end":{"line":41,"column":9}},"type":"binary-expr","locations":[{"start":{"line":37,"column":21},"end":{"line":37,"column":50}},{"start":{"line":37,"column":54},"end":{"line":41,"column":9}}],"line":37},"5":{"loc":{"start":{"line":58,"column":2},"end":{"line":64,"column":3}},"type":"if","locations":[{"start":{"line":58,"column":2},"end":{"line":64,"column":3}},{"start":{},"end":{}}],"line":58},"6":{"loc":{"start":{"line":60,"column":6},"end":{"line":62,"column":7}},"type":"if","locations":[{"start":{"line":60,"column":6},"end":{"line":62,"column":7}},{"start":{},"end":{}}],"line":60},"7":{"loc":{"start":{"line":60,"column":10},"end":{"line":60,"column":51}},"type":"binary-expr","locations":[{"start":{"line":60,"column":10},"end":{"line":60,"column":18}},{"start":{"line":60,"column":22},"end":{"line":60,"column":31}},{"start":{"line":60,"column":35},"end":{"line":60,"column":51}}],"line":60}},"s":{"0":14,"1":14,"2":1,"3":1,"4":1,"5":1,"6":0,"7":0,"8":2,"9":2,"10":2,"11":1,"12":1,"13":1,"14":1,"15":0,"16":0,"17":0,"18":0,"19":0,"20":0,"21":0,"22":0,"23":0,"24":0,"25":0,"26":0,"27":0,"28":0,"29":1,"30":1,"31":1,"32":1,"33":0,"34":0,"35":14},"f":{"0":1,"1":2,"2":0,"3":1},"b":{"0":[1,1],"1":[1,1],"2":[1,1],"3":[1,1],"4":[1,1],"5":[0,0],"6":[0,0],"7":[0,0,0]},"_coverageSchema":"1a1c01bbd47fc00a2c39e90264f33305004495a9","hash":"25096f9e3fe9e5bf582e6763ab9cdc0a127c5217"}
,"C:\\Users\\HUGON\\Desktop\\TFEW\\TFErgo\\backend\\src\\controllers\\noteController.js": {"path":"C:\\Users\\HUGON\\Desktop\\TFEW\\TFErgo\\backend\\src\\controllers\\noteController.js","statementMap":{"0":{"start":{"line":1,"column":25},"end":{"line":1,"column":50}},"1":{"start":{"line":2,"column":15},"end":{"line":2,"column":33}},"2":{"start":{"line":6,"column":24},"end":{"line":6,"column":34}},"3":{"start":{"line":7,"column":22},"end":{"line":7,"column":33}},"4":{"start":{"line":9,"column":2},"end":{"line":18,"column":3}},"5":{"start":{"line":10,"column":18},"end":{"line":13,"column":6}},"6":{"start":{"line":14,"column":4},"end":{"line":14,"column":19}},"7":{"start":{"line":16,"column":4},"end":{"line":16,"column":22}},"8":{"start":{"line":17,"column":4},"end":{"line":17,"column":68}},"9":{"start":{"line":23,"column":24},"end":{"line":23,"column":34}},"10":{"start":{"line":24,"column":22},"end":{"line":24,"column":33}},"11":{"start":{"line":25,"column":33},"end":{"line":25,"column":41}},"12":{"start":{"line":27,"column":2},"end":{"line":40,"column":3}},"13":{"start":{"line":28,"column":17},"end":{"line":35,"column":6}},"14":{"start":{"line":36,"column":4},"end":{"line":36,"column":30}},"15":{"start":{"line":38,"column":4},"end":{"line":38,"column":22}},"16":{"start":{"line":39,"column":4},"end":{"line":39,"column":61}},"17":{"start":{"line":45,"column":17},"end":{"line":45,"column":27}},"18":{"start":{"line":46,"column":22},"end":{"line":46,"column":33}},"19":{"start":{"line":47,"column":33},"end":{"line":47,"column":41}},"20":{"start":{"line":49,"column":2},"end":{"line":59,"column":3}},"21":{"start":{"line":50,"column":17},"end":{"line":53,"column":6}},"22":{"start":{"line":54,"column":4},"end":{"line":54,"column":86}},"23":{"start":{"line":54,"column":26},"end":{"line":54,"column":86}},"24":{"start":{"line":55,"column":4},"end":{"line":55,"column":45}},"25":{"start":{"line":57,"column":4},"end":{"line":57,"column":22}},"26":{"start":{"line":58,"column":4},"end":{"line":58,"column":59}},"27":{"start":{"line":64,"column":17},"end":{"line":64,"column":27}},"28":{"start":{"line":65,"column":22},"end":{"line":65,"column":33}},"29":{"start":{"line":67,"column":2},"end":{"line":76,"column":3}},"30":{"start":{"line":68,"column":20},"end":{"line":70,"column":6}},"31":{"start":{"line":71,"column":4},"end":{"line":71,"column":89}},"32":{"start":{"line":71,"column":29},"end":{"line":71,"column":89}},"33":{"start":{"line":72,"column":4},"end":{"line":72,"column":43}},"34":{"start":{"line":74,"column":4},"end":{"line":74,"column":22}},"35":{"start":{"line":75,"column":4},"end":{"line":75,"column":64}},"36":{"start":{"line":79,"column":0},"end":{"line":79,"column":69}}},"fnMap":{"0":{"name":"getPatientNotes","decl":{"start":{"line":5,"column":15},"end":{"line":5,"column":30}},"loc":{"start":{"line":5,"column":41},"end":{"line":19,"column":1}},"line":5},"1":{"name":"addNote","decl":{"start":{"line":22,"column":15},"end":{"line":22,"column":22}},"loc":{"start":{"line":22,"column":33},"end":{"line":41,"column":1}},"line":22},"2":{"name":"updateNote","decl":{"start":{"line":44,"column":15},"end":{"line":44,"column":25}},"loc":{"start":{"line":44,"column":36},"end":{"line":60,"column":1}},"line":44},"3":{"name":"deleteNote","decl":{"start":{"line":63,"column":15},"end":{"line":63,"column":25}},"loc":{"start":{"line":63,"column":36},"end":{"line":77,"column":1}},"line":63}},"branchMap":{"0":{"loc":{"start":{"line":54,"column":4},"end":{"line":54,"column":86}},"type":"if","locations":[{"start":{"line":54,"column":4},"end":{"line":54,"column":86}},{"start":{},"end":{}}],"line":54},"1":{"loc":{"start":{"line":71,"column":4},"end":{"line":71,"column":89}},"type":"if","locations":[{"start":{"line":71,"column":4},"end":{"line":71,"column":89}},{"start":{},"end":{}}],"line":71}},"s":{"0":14,"1":14,"2":0,"3":0,"4":0,"5":0,"6":0,"7":0,"8":0,"9":0,"10":0,"11":0,"12":0,"13":0,"14":0,"15":0,"16":0,"17":0,"18":0,"19":0,"20":0,"21":0,"22":0,"23":0,"24":0,"25":0,"26":0,"27":0,"28":0,"29":0,"30":0,"31":0,"32":0,"33":0,"34":0,"35":0,"36":14},"f":{"0":0,"1":0,"2":0,"3":0},"b":{"0":[0,0],"1":[0,0]},"_coverageSchema":"1a1c01bbd47fc00a2c39e90264f33305004495a9","hash":"a015562baa2869e8d57309064087123f7f54ea0c"}
,"C:\\Users\\HUGON\\Desktop\\TFEW\\TFErgo\\backend\\src\\controllers\\objectiveController.js": {"path":"C:\\Users\\HUGON\\Desktop\\TFEW\\TFErgo\\backend\\src\\controllers\\objectiveController.js","statementMap":{"0":{"start":{"line":1,"column":25},"end":{"line":1,"column":50}},"1":{"start":{"line":2,"column":15},"end":{"line":2,"column":33}},"2":{"start":{"line":5,"column":24},"end":{"line":5,"column":34}},"3":{"start":{"line":6,"column":50},"end":{"line":6,"column":58}},"4":{"start":{"line":8,"column":4},"end":{"line":10,"column":5}},"5":{"start":{"line":9,"column":6},"end":{"line":9,"column":110}},"6":{"start":{"line":11,"column":4},"end":{"line":35,"column":5}},"7":{"start":{"line":13,"column":20},"end":{"line":16,"column":8}},"8":{"start":{"line":18,"column":6},"end":{"line":18,"column":78}},"9":{"start":{"line":18,"column":18},"end":{"line":18,"column":78}},"10":{"start":{"line":21,"column":27},"end":{"line":29,"column":8}},"11":{"start":{"line":31,"column":6},"end":{"line":31,"column":41}},"12":{"start":{"line":33,"column":6},"end":{"line":33,"column":25}},"13":{"start":{"line":34,"column":6},"end":{"line":34,"column":77}},"14":{"start":{"line":40,"column":34},"end":{"line":40,"column":44}},"15":{"start":{"line":41,"column":61},"end":{"line":41,"column":69}},"16":{"start":{"line":43,"column":2},"end":{"line":45,"column":3}},"17":{"start":{"line":44,"column":4},"end":{"line":44,"column":109}},"18":{"start":{"line":46,"column":2},"end":{"line":48,"column":3}},"19":{"start":{"line":47,"column":4},"end":{"line":47,"column":130}},"20":{"start":{"line":49,"column":2},"end":{"line":65,"column":3}},"21":{"start":{"line":50,"column":25},"end":{"line":59,"column":6}},"22":{"start":{"line":61,"column":4},"end":{"line":61,"column":39}},"23":{"start":{"line":63,"column":4},"end":{"line":63,"column":23}},"24":{"start":{"line":64,"column":4},"end":{"line":64,"column":76}},"25":{"start":{"line":70,"column":19},"end":{"line":70,"column":29}},"26":{"start":{"line":71,"column":4},"end":{"line":86,"column":5}},"27":{"start":{"line":72,"column":20},"end":{"line":81,"column":8}},"28":{"start":{"line":82,"column":6},"end":{"line":82,"column":22}},"29":{"start":{"line":84,"column":6},"end":{"line":84,"column":25}},"30":{"start":{"line":85,"column":6},"end":{"line":85,"column":71}},"31":{"start":{"line":90,"column":17},"end":{"line":90,"column":27}},"32":{"start":{"line":91,"column":61},"end":{"line":91,"column":69}},"33":{"start":{"line":93,"column":2},"end":{"line":95,"column":3}},"34":{"start":{"line":94,"column":4},"end":{"line":94,"column":108}},"35":{"start":{"line":96,"column":2},"end":{"line":110,"column":3}},"36":{"start":{"line":97,"column":20},"end":{"line":105,"column":6}},"37":{"start":{"line":106,"column":4},"end":{"line":106,"column":22}},"38":{"start":{"line":108,"column":4},"end":{"line":108,"column":23}},"39":{"start":{"line":109,"column":4},"end":{"line":109,"column":78}},"40":{"start":{"line":114,"column":17},"end":{"line":114,"column":27}},"41":{"start":{"line":115,"column":2},"end":{"line":121,"column":3}},"42":{"start":{"line":116,"column":4},"end":{"line":116,"column":75}},"43":{"start":{"line":117,"column":4},"end":{"line":117,"column":32}},"44":{"start":{"line":119,"column":4},"end":{"line":119,"column":23}},"45":{"start":{"line":120,"column":4},"end":{"line":120,"column":78}},"46":{"start":{"line":125,"column":17},"end":{"line":125,"column":27}},"47":{"start":{"line":126,"column":2},"end":{"line":132,"column":3}},"48":{"start":{"line":127,"column":4},"end":{"line":127,"column":76}},"49":{"start":{"line":128,"column":4},"end":{"line":128,"column":32}},"50":{"start":{"line":130,"column":4},"end":{"line":130,"column":23}},"51":{"start":{"line":131,"column":4},"end":{"line":131,"column":79}},"52":{"start":{"line":136,"column":17},"end":{"line":136,"column":27}},"53":{"start":{"line":137,"column":61},"end":{"line":137,"column":69}},"54":{"start":{"line":139,"column":2},"end":{"line":154,"column":3}},"55":{"start":{"line":140,"column":20},"end":{"line":149,"column":6}},"56":{"start":{"line":150,"column":4},"end":{"line":150,"column":22}},"57":{"start":{"line":152,"column":4},"end":{"line":152,"column":23}},"58":{"start":{"line":153,"column":4},"end":{"line":153,"column":79}},"59":{"start":{"line":157,"column":0},"end":{"line":165,"column":2}}},"fnMap":{"0":{"name":"addLongTermObjective","decl":{"start":{"line":4,"column":15},"end":{"line":4,"column":35}},"loc":{"start":{"line":4,"column":46},"end":{"line":36,"column":3}},"line":4},"1":{"name":"addShortTermObjective","decl":{"start":{"line":39,"column":15},"end":{"line":39,"column":36}},"loc":{"start":{"line":39,"column":47},"end":{"line":66,"column":1}},"line":39},"2":{"name":"getMotifWithObjectives","decl":{"start":{"line":69,"column":15},"end":{"line":69,"column":37}},"loc":{"start":{"line":69,"column":48},"end":{"line":87,"column":1}},"line":69},"3":{"name":"updateLongTermObjective","decl":{"start":{"line":89,"column":15},"end":{"line":89,"column":38}},"loc":{"start":{"line":89,"column":49},"end":{"line":111,"column":1}},"line":89},"4":{"name":"deleteLongTermObjective","decl":{"start":{"line":113,"column":15},"end":{"line":113,"column":38}},"loc":{"start":{"line":113,"column":49},"end":{"line":122,"column":1}},"line":113},"5":{"name":"deleteShortTermObjective","decl":{"start":{"line":124,"column":15},"end":{"line":124,"column":39}},"loc":{"start":{"line":124,"column":50},"end":{"line":133,"column":1}},"line":124},"6":{"name":"updateShortTermObjective","decl":{"start":{"line":135,"column":15},"end":{"line":135,"column":39}},"loc":{"start":{"line":135,"column":50},"end":{"line":155,"column":1}},"line":135}},"branchMap":{"0":{"loc":{"start":{"line":8,"column":4},"end":{"line":10,"column":5}},"type":"if","locations":[{"start":{"line":8,"column":4},"end":{"line":10,"column":5}},{"start":{},"end":{}}],"line":8},"1":{"loc":{"start":{"line":8,"column":8},"end":{"line":8,"column":31}},"type":"binary-expr","locations":[{"start":{"line":8,"column":8},"end":{"line":8,"column":14}},{"start":{"line":8,"column":18},"end":{"line":8,"column":31}}],"line":8},"2":{"loc":{"start":{"line":18,"column":6},"end":{"line":18,"column":78}},"type":"if","locations":[{"start":{"line":18,"column":6},"end":{"line":18,"column":78}},{"start":{},"end":{}}],"line":18},"3":{"loc":{"start":{"line":26,"column":19},"end":{"line":26,"column":53}},"type":"cond-expr","locations":[{"start":{"line":26,"column":29},"end":{"line":26,"column":46}},{"start":{"line":26,"column":49},"end":{"line":26,"column":53}}],"line":26},"4":{"loc":{"start":{"line":27,"column":18},"end":{"line":27,"column":36}},"type":"binary-expr","locations":[{"start":{"line":27,"column":18},"end":{"line":27,"column":24}},{"start":{"line":27,"column":28},"end":{"line":27,"column":36}}],"line":27},"5":{"loc":{"start":{"line":43,"column":2},"end":{"line":45,"column":3}},"type":"if","locations":[{"start":{"line":43,"column":2},"end":{"line":45,"column":3}},{"start":{},"end":{}}],"line":43},"6":{"loc":{"start":{"line":43,"column":6},"end":{"line":43,"column":29}},"type":"binary-expr","locations":[{"start":{"line":43,"column":6},"end":{"line":43,"column":12}},{"start":{"line":43,"column":16},"end":{"line":43,"column":29}}],"line":43},"7":{"loc":{"start":{"line":46,"column":2},"end":{"line":48,"column":3}},"type":"if","locations":[{"start":{"line":46,"column":2},"end":{"line":48,"column":3}},{"start":{},"end":{}}],"line":46},"8":{"loc":{"start":{"line":46,"column":6},"end":{"line":46,"column":28}},"type":"binary-expr","locations":[{"start":{"line":46,"column":6},"end":{"line":46,"column":16}},{"start":{"line":46,"column":20},"end":{"line":46,"column":28}}],"line":46},"9":{"loc":{"start":{"line":55,"column":17},"end":{"line":55,"column":51}},"type":"cond-expr","locations":[{"start":{"line":55,"column":27},"end":{"line":55,"column":44}},{"start":{"line":55,"column":47},"end":{"line":55,"column":51}}],"line":55},"10":{"loc":{"start":{"line":57,"column":16},"end":{"line":57,"column":34}},"type":"binary-expr","locations":[{"start":{"line":57,"column":16},"end":{"line":57,"column":22}},{"start":{"line":57,"column":26},"end":{"line":57,"column":34}}],"line":57},"11":{"loc":{"start":{"line":93,"column":2},"end":{"line":95,"column":3}},"type":"if","locations":[{"start":{"line":93,"column":2},"end":{"line":95,"column":3}},{"start":{},"end":{}}],"line":93},"12":{"loc":{"start":{"line":93,"column":6},"end":{"line":93,"column":29}},"type":"binary-expr","locations":[{"start":{"line":93,"column":6},"end":{"line":93,"column":12}},{"start":{"line":93,"column":16},"end":{"line":93,"column":29}}],"line":93},"13":{"loc":{"start":{"line":102,"column":17},"end":{"line":102,"column":51}},"type":"cond-expr","locations":[{"start":{"line":102,"column":27},"end":{"line":102,"column":44}},{"start":{"line":102,"column":47},"end":{"line":102,"column":51}}],"line":102},"14":{"loc":{"start":{"line":145,"column":17},"end":{"line":145,"column":51}},"type":"cond-expr","locations":[{"start":{"line":145,"column":27},"end":{"line":145,"column":44}},{"start":{"line":145,"column":47},"end":{"line":145,"column":51}}],"line":145}},"s":{"0":14,"1":14,"2":0,"3":0,"4":0,"5":0,"6":0,"7":0,"8":0,"9":0,"10":0,"11":0,"12":0,"13":0,"14":0,"15":0,"16":0,"17":0,"18":0,"19":0,"20":0,"21":0,"22":0,"23":0,"24":0,"25":0,"26":0,"27":0,"28":0,"29":0,"30":0,"31":0,"32":0,"33":0,"34":0,"35":0,"36":0,"37":0,"38":0,"39":0,"40":0,"41":0,"42":0,"43":0,"44":0,"45":0,"46":0,"47":0,"48":0,"49":0,"50":0,"51":0,"52":0,"53":0,"54":0,"55":0,"56":0,"57":0,"58":0,"59":14},"f":{"0":0,"1":0,"2":0,"3":0,"4":0,"5":0,"6":0},"b":{"0":[0,0],"1":[0,0],"2":[0,0],"3":[0,0],"4":[0,0],"5":[0,0],"6":[0,0],"7":[0,0],"8":[0,0],"9":[0,0],"10":[0,0],"11":[0,0],"12":[0,0],"13":[0,0],"14":[0,0]},"_coverageSchema":"1a1c01bbd47fc00a2c39e90264f33305004495a9","hash":"5773159cd4a82c826290a02fc7dd35af08a81524"}
,"C:\\Users\\HUGON\\Desktop\\TFEW\\TFErgo\\backend\\src\\controllers\\patientController.js": {"path":"C:\\Users\\HUGON\\Desktop\\TFEW\\TFErgo\\backend\\src\\controllers\\patientController.js","statementMap":{"0":{"start":{"line":1,"column":25},"end":{"line":1,"column":50}},"1":{"start":{"line":2,"column":15},"end":{"line":2,"column":33}},"2":{"start":{"line":5,"column":22},"end":{"line":5,"column":33}},"3":{"start":{"line":6,"column":2},"end":{"line":14,"column":3}},"4":{"start":{"line":7,"column":21},"end":{"line":10,"column":6}},"5":{"start":{"line":11,"column":4},"end":{"line":11,"column":22}},"6":{"start":{"line":13,"column":4},"end":{"line":13,"column":84}},"7":{"start":{"line":18,"column":19},"end":{"line":18,"column":29}},"8":{"start":{"line":19,"column":24},"end":{"line":19,"column":35}},"9":{"start":{"line":21,"column":4},"end":{"line":32,"column":5}},"10":{"start":{"line":22,"column":22},"end":{"line":24,"column":8}},"11":{"start":{"line":26,"column":6},"end":{"line":26,"column":83}},"12":{"start":{"line":26,"column":20},"end":{"line":26,"column":83}},"13":{"start":{"line":28,"column":6},"end":{"line":28,"column":23}},"14":{"start":{"line":30,"column":6},"end":{"line":30,"column":26}},"15":{"start":{"line":31,"column":6},"end":{"line":31,"column":84}},"16":{"start":{"line":36,"column":22},"end":{"line":36,"column":33}},"17":{"start":{"line":37,"column":15},"end":{"line":37,"column":23}},"18":{"start":{"line":40,"column":2},"end":{"line":42,"column":3}},"19":{"start":{"line":41,"column":4},"end":{"line":41,"column":116}},"20":{"start":{"line":45,"column":2},"end":{"line":47,"column":3}},"21":{"start":{"line":46,"column":4},"end":{"line":46,"column":79}},"22":{"start":{"line":49,"column":2},"end":{"line":61,"column":3}},"23":{"start":{"line":50,"column":20},"end":{"line":55,"column":6}},"24":{"start":{"line":57,"column":4},"end":{"line":57,"column":33}},"25":{"start":{"line":59,"column":4},"end":{"line":59,"column":24}},"26":{"start":{"line":60,"column":4},"end":{"line":60,"column":78}},"27":{"start":{"line":65,"column":19},"end":{"line":65,"column":29}},"28":{"start":{"line":66,"column":24},"end":{"line":66,"column":35}},"29":{"start":{"line":67,"column":17},"end":{"line":67,"column":25}},"30":{"start":{"line":69,"column":4},"end":{"line":69,"column":48}},"31":{"start":{"line":71,"column":4},"end":{"line":83,"column":5}},"32":{"start":{"line":72,"column":22},"end":{"line":75,"column":8}},"33":{"start":{"line":77,"column":6},"end":{"line":77,"column":109}},"34":{"start":{"line":77,"column":31},"end":{"line":77,"column":109}},"35":{"start":{"line":79,"column":6},"end":{"line":79,"column":49}},"36":{"start":{"line":81,"column":6},"end":{"line":81,"column":26}},"37":{"start":{"line":82,"column":6},"end":{"line":82,"column":83}},"38":{"start":{"line":87,"column":19},"end":{"line":87,"column":29}},"39":{"start":{"line":88,"column":24},"end":{"line":88,"column":35}},"40":{"start":{"line":90,"column":4},"end":{"line":101,"column":5}},"41":{"start":{"line":91,"column":22},"end":{"line":93,"column":8}},"42":{"start":{"line":95,"column":6},"end":{"line":95,"column":109}},"43":{"start":{"line":95,"column":31},"end":{"line":95,"column":109}},"44":{"start":{"line":97,"column":6},"end":{"line":97,"column":47}},"45":{"start":{"line":99,"column":6},"end":{"line":99,"column":26}},"46":{"start":{"line":100,"column":6},"end":{"line":100,"column":83}},"47":{"start":{"line":104,"column":0},"end":{"line":104,"column":95}}},"fnMap":{"0":{"name":"getMyPatients","decl":{"start":{"line":4,"column":15},"end":{"line":4,"column":28}},"loc":{"start":{"line":4,"column":39},"end":{"line":15,"column":1}},"line":4},"1":{"name":"getPatientById","decl":{"start":{"line":17,"column":15},"end":{"line":17,"column":29}},"loc":{"start":{"line":17,"column":40},"end":{"line":33,"column":1}},"line":17},"2":{"name":"createPatient","decl":{"start":{"line":35,"column":15},"end":{"line":35,"column":28}},"loc":{"start":{"line":35,"column":39},"end":{"line":62,"column":1}},"line":35},"3":{"name":"updatePatient","decl":{"start":{"line":64,"column":15},"end":{"line":64,"column":28}},"loc":{"start":{"line":64,"column":39},"end":{"line":84,"column":1}},"line":64},"4":{"name":"deletePatient","decl":{"start":{"line":86,"column":15},"end":{"line":86,"column":28}},"loc":{"start":{"line":86,"column":39},"end":{"line":102,"column":1}},"line":86}},"branchMap":{"0":{"loc":{"start":{"line":26,"column":6},"end":{"line":26,"column":83}},"type":"if","locations":[{"start":{"line":26,"column":6},"end":{"line":26,"column":83}},{"start":{},"end":{}}],"line":26},"1":{"loc":{"start":{"line":40,"column":2},"end":{"line":42,"column":3}},"type":"if","locations":[{"start":{"line":40,"column":2},"end":{"line":42,"column":3}},{"start":{},"end":{}}],"line":40},"2":{"loc":{"start":{"line":40,"column":6},"end":{"line":40,"column":71}},"type":"binary-expr","locations":[{"start":{"line":40,"column":6},"end":{"line":40,"column":21}},{"start":{"line":40,"column":25},"end":{"line":40,"column":39}},{"start":{"line":40,"column":43},"end":{"line":40,"column":52}},{"start":{"line":40,"column":56},"end":{"line":40,"column":71}}],"line":40},"3":{"loc":{"start":{"line":45,"column":2},"end":{"line":47,"column":3}},"type":"if","locations":[{"start":{"line":45,"column":2},"end":{"line":47,"column":3}},{"start":{},"end":{}}],"line":45},"4":{"loc":{"start":{"line":45,"column":6},"end":{"line":45,"column":53}},"type":"binary-expr","locations":[{"start":{"line":45,"column":6},"end":{"line":45,"column":20}},{"start":{"line":45,"column":24},"end":{"line":45,"column":53}}],"line":45},"5":{"loc":{"start":{"line":77,"column":6},"end":{"line":77,"column":109}},"type":"if","locations":[{"start":{"line":77,"column":6},"end":{"line":77,"column":109}},{"start":{},"end":{}}],"line":77},"6":{"loc":{"start":{"line":95,"column":6},"end":{"line":95,"column":109}},"type":"if","locations":[{"start":{"line":95,"column":6},"end":{"line":95,"column":109}},{"start":{},"end":{}}],"line":95}},"s":{"0":14,"1":14,"2":1,"3":1,"4":1,"5":1,"6":0,"7":0,"8":0,"9":0,"10":0,"11":0,"12":0,"13":0,"14":0,"15":0,"16":6,"17":6,"18":6,"19":1,"20":5,"21":5,"22":5,"23":5,"24":4,"25":1,"26":1,"27":0,"28":0,"29":0,"30":0,"31":0,"32":0,"33":0,"34":0,"35":0,"36":0,"37":0,"38":4,"39":4,"40":4,"41":4,"42":4,"43":0,"44":4,"45":0,"46":0,"47":14},"f":{"0":1,"1":0,"2":6,"3":0,"4":4},"b":{"0":[0,0],"1":[1,5],"2":[6,5,5,5],"3":[5,0],"4":[5,5],"5":[0,0],"6":[0,4]},"_coverageSchema":"1a1c01bbd47fc00a2c39e90264f33305004495a9","hash":"30796ea641bc19fbaaa27eb72d3b03e4d20846b8"}
,"C:\\Users\\HUGON\\Desktop\\TFEW\\TFErgo\\backend\\src\\controllers\\reportController.js": {"path":"C:\\Users\\HUGON\\Desktop\\TFEW\\TFErgo\\backend\\src\\controllers\\reportController.js","statementMap":{"0":{"start":{"line":1,"column":13},"end":{"line":1,"column":28}},"1":{"start":{"line":2,"column":11},"end":{"line":2,"column":24}},"2":{"start":{"line":3,"column":18},"end":{"line":3,"column":38}},"3":{"start":{"line":4,"column":19},"end":{"line":4,"column":40}},"4":{"start":{"line":5,"column":25},"end":{"line":5,"column":50}},"5":{"start":{"line":6,"column":15},"end":{"line":6,"column":33}},"6":{"start":{"line":8,"column":30},"end":{"line":380,"column":1}},"7":{"start":{"line":9,"column":24},"end":{"line":9,"column":34}},"8":{"start":{"line":10,"column":31},"end":{"line":10,"column":39}},"9":{"start":{"line":12,"column":2},"end":{"line":379,"column":3}},"10":{"start":{"line":13,"column":20},"end":{"line":23,"column":6}},"11":{"start":{"line":26,"column":16},"end":{"line":26,"column":18}},"12":{"start":{"line":27,"column":4},"end":{"line":32,"column":5}},"13":{"start":{"line":28,"column":6},"end":{"line":31,"column":9}},"14":{"start":{"line":34,"column":25},"end":{"line":41,"column":6}},"15":{"start":{"line":43,"column":23},"end":{"line":43,"column":77}},"16":{"start":{"line":43,"column":54},"end":{"line":43,"column":76}},"17":{"start":{"line":44,"column":22},"end":{"line":44,"column":75}},"18":{"start":{"line":44,"column":53},"end":{"line":44,"column":74}},"19":{"start":{"line":45,"column":16},"end":{"line":45,"column":52}},"20":{"start":{"line":48,"column":4},"end":{"line":65,"column":5}},"21":{"start":{"line":49,"column":6},"end":{"line":51,"column":7}},"22":{"start":{"line":50,"column":8},"end":{"line":50,"column":94}},"23":{"start":{"line":50,"column":14},"end":{"line":50,"column":60}},"24":{"start":{"line":50,"column":71},"end":{"line":50,"column":92}},"25":{"start":{"line":52,"column":6},"end":{"line":54,"column":7}},"26":{"start":{"line":53,"column":8},"end":{"line":53,"column":100}},"27":{"start":{"line":53,"column":14},"end":{"line":53,"column":64}},"28":{"start":{"line":53,"column":75},"end":{"line":53,"column":98}},"29":{"start":{"line":55,"column":6},"end":{"line":57,"column":7}},"30":{"start":{"line":56,"column":8},"end":{"line":56,"column":97}},"31":{"start":{"line":56,"column":14},"end":{"line":56,"column":62}},"32":{"start":{"line":56,"column":73},"end":{"line":56,"column":95}},"33":{"start":{"line":58,"column":6},"end":{"line":60,"column":7}},"34":{"start":{"line":59,"column":8},"end":{"line":59,"column":139}},"35":{"start":{"line":59,"column":14},"end":{"line":59,"column":90}},"36":{"start":{"line":59,"column":101},"end":{"line":59,"column":137}},"37":{"start":{"line":62,"column":6},"end":{"line":64,"column":7}},"38":{"start":{"line":63,"column":8},"end":{"line":63,"column":103}},"39":{"start":{"line":63,"column":14},"end":{"line":63,"column":66}},"40":{"start":{"line":63,"column":77},"end":{"line":63,"column":101}},"41":{"start":{"line":69,"column":4},"end":{"line":78,"column":5}},"42":{"start":{"line":71,"column":6},"end":{"line":77,"column":7}},"43":{"start":{"line":72,"column":8},"end":{"line":72,"column":107}},"44":{"start":{"line":72,"column":14},"end":{"line":72,"column":70}},"45":{"start":{"line":72,"column":81},"end":{"line":72,"column":105}},"46":{"start":{"line":73,"column":13},"end":{"line":77,"column":7}},"47":{"start":{"line":74,"column":8},"end":{"line":74,"column":52}},"48":{"start":{"line":76,"column":8},"end":{"line":76,"column":32}},"49":{"start":{"line":80,"column":4},"end":{"line":82,"column":5}},"50":{"start":{"line":81,"column":6},"end":{"line":81,"column":101}},"51":{"start":{"line":81,"column":12},"end":{"line":81,"column":64}},"52":{"start":{"line":81,"column":75},"end":{"line":81,"colum
[...]
,"C:\\Users\\HUGON\\Desktop\\TFEW\\TFErgo\\backend\\src\\controllers\\therapistController.js": {"path":"C:\\Users\\HUGON\\Desktop\\TFEW\\TFErgo\\backend\\src\\controllers\\therapistController.js","statementMap":{"0":{"start":{"line":1,"column":25},"end":{"line":1,"column":50}},"1":{"start":{"line":2,"column":15},"end":{"line":2,"column":33}},"2":{"start":{"line":5,"column":2},"end":{"line":10,"column":3}},"3":{"start":{"line":6,"column":23},"end":{"line":6,"column":56}},"4":{"start":{"line":7,"column":4},"end":{"line":7,"column":25}},"5":{"start":{"line":9,"column":4},"end":{"line":9,"column":86}},"6":{"start":{"line":13,"column":0},"end":{"line":13,"column":38}}},"fnMap":{"0":{"name":"getAllTherapists","decl":{"start":{"line":4,"column":15},"end":{"line":4,"column":31}},"loc":{"start":{"line":4,"column":42},"end":{"line":11,"column":1}},"line":4}},"branchMap":{},"s":{"0":14,"1":14,"2":1,"3":1,"4":1,"5":0,"6":14},"f":{"0":1},"b":{},"_coverageSchema":"1a1c01bbd47fc00a2c39e90264f33305004495a9","hash":"591c2b0e2eb1bd8f3409b14142e925aaff8fa1d7"}
,"C:\\Users\\HUGON\\Desktop\\TFEW\\TFErgo\\backend\\src\\middleware\\authenticateJWT.js": {"path":"C:\\Users\\HUGON\\Desktop\\TFEW\\TFErgo\\backend\\src\\middleware\\authenticateJWT.js","statementMap":{"0":{"start":{"line":1,"column":12},"end":{"line":1,"column":35}},"1":{"start":{"line":4,"column":16},"end":{"line":4,"column":33}},"2":{"start":{"line":5,"column":2},"end":{"line":5,"column":72}},"3":{"start":{"line":5,"column":14},"end":{"line":5,"column":72}},"4":{"start":{"line":7,"column":2},"end":{"line":13,"column":3}},"5":{"start":{"line":8,"column":20},"end":{"line":8,"column":61}},"6":{"start":{"line":9,"column":4},"end":{"line":9,"column":22}},"7":{"start":{"line":10,"column":4},"end":{"line":10,"column":10}},"8":{"start":{"line":12,"column":4},"end":{"line":12,"column":62}},"9":{"start":{"line":16,"column":0},"end":{"line":16,"column":36}}},"fnMap":{"0":{"name":"authenticateJWT","decl":{"start":{"line":3,"column":9},"end":{"line":3,"column":24}},"loc":{"start":{"line":3,"column":41},"end":{"line":14,"column":1}},"line":3}},"branchMap":{"0":{"loc":{"start":{"line":5,"column":2},"end":{"line":5,"column":72}},"type":"if","locations":[{"start":{"line":5,"column":2},"end":{"line":5,"column":72}},{"start":{},"end":{}}],"line":5}},"s":{"0":14,"1":40,"2":40,"3":8,"4":32,"5":32,"6":32,"7":32,"8":0,"9":14},"f":{"0":40},"b":{"0":[8,32]},"_coverageSchema":"1a1c01bbd47fc00a2c39e90264f33305004495a9","hash":"550e9cc8c293a0a9a1df18f138b46dc3361569c7"}
,"C:\\Users\\HUGON\\Desktop\\TFEW\\TFErgo\\backend\\src\\routes\\activities.js": {"path":"C:\\Users\\HUGON\\Desktop\\TFEW\\TFErgo\\backend\\src\\routes\\activities.js","statementMap":{"0":{"start":{"line":1,"column":16},"end":{"line":1,"column":34}},"1":{"start":{"line":9,"column":4},"end":{"line":9,"column":48}},"2":{"start":{"line":10,"column":28},"end":{"line":10,"column":68}},"3":{"start":{"line":12,"column":15},"end":{"line":12,"column":31}},"4":{"start":{"line":14,"column":0},"end":{"line":14,"column":34}},"5":{"start":{"line":15,"column":0},"end":{"line":15,"column":40}},"6":{"start":{"line":16,"column":0},"end":{"line":16,"column":36}},"7":{"start":{"line":17,"column":0},"end":{"line":17,"column":50}},"8":{"start":{"line":18,"column":0},"end":{"line":18,"column":54}},"9":{"start":{"line":19,"column":0},"end":{"line":19,"column":55}},"10":{"start":{"line":21,"column":0},"end":{"line":21,"column":24}}},"fnMap":{},"branchMap":{},"s":{"0":14,"1":14,"2":14,"3":14,"4":14,"5":14,"6":14,"7":14,"8":14,"9":14,"10":14},"f":{},"b":{},"_coverageSchema":"1a1c01bbd47fc00a2c39e90264f33305004495a9","hash":"c9af9cbb9f383db802eb277d1aafb8e7fa6c1f18"}
,"C:\\Users\\HUGON\\Desktop\\TFEW\\TFErgo\\backend\\src\\routes\\activityFiles.js": {"path":"C:\\Users\\HUGON\\Desktop\\TFEW\\TFErgo\\backend\\src\\routes\\activityFiles.js","statementMap":{"0":{"start":{"line":1,"column":16},"end":{"line":1,"column":34}},"1":{"start":{"line":2,"column":42},"end":{"line":2,"column":90}},"2":{"start":{"line":4,"column":15},"end":{"line":4,"column":31}},"3":{"start":{"line":6,"column":0},"end":{"line":6,"column":45}},"4":{"start":{"line":7,"column":0},"end":{"line":7,"column":43}},"5":{"start":{"line":9,"column":0},"end":{"line":9,"column":24}}},"fnMap":{},"branchMap":{},"s":{"0":14,"1":14,"2":14,"3":14,"4":14,"5":14},"f":{},"b":{},"_coverageSchema":"1a1c01bbd47fc00a2c39e90264f33305004495a9","hash":"5fd6dea799ea9a07c6dec8433d38ee17e554052c"}
,"C:\\Users\\HUGON\\Desktop\\TFEW\\TFErgo\\backend\\src\\routes\\appointments.js": {"path":"C:\\Users\\HUGON\\Desktop\\TFEW\\TFErgo\\backend\\src\\routes\\appointments.js","statementMap":{"0":{"start":{"line":1,"column":16},"end":{"line":1,"column":34}},"1":{"start":{"line":17,"column":4},"end":{"line":17,"column":51}},"2":{"start":{"line":19,"column":28},"end":{"line":19,"column":68}},"3":{"start":{"line":21,"column":15},"end":{"line":21,"column":31}},"4":{"start":{"line":23,"column":0},"end":{"line":23,"column":28}},"5":{"start":{"line":26,"column":0},"end":{"line":26,"column":33}},"6":{"start":{"line":27,"column":0},"end":{"line":27,"column":39}},"7":{"start":{"line":28,"column":0},"end":{"line":28,"column":36}},"8":{"start":{"line":29,"column":0},"end":{"line":29,"column":40}},"9":{"start":{"line":30,"column":0},"end":{"line":30,"column":41}},"10":{"start":{"line":31,"column":0},"end":{"line":31,"column":62}},"11":{"start":{"line":32,"column":0},"end":{"line":32,"column":53}},"12":{"start":{"line":35,"column":0},"end":{"line":35,"column":81}},"13":{"start":{"line":36,"column":0},"end":{"line":36,"column":74}},"14":{"start":{"line":37,"column":0},"end":{"line":37,"column":80}},"15":{"start":{"line":38,"column":0},"end":{"line":38,"column":55}},"16":{"start":{"line":39,"column":0},"end":{"line":39,"column":67}},"17":{"start":{"line":44,"column":0},"end":{"line":44,"column":66}},"18":{"start":{"line":45,"column":0},"end":{"line":45,"column":58}},"19":{"start":{"line":46,"column":0},"end":{"line":46,"column":61}},"20":{"start":{"line":50,"column":0},"end":{"line":50,"column":60}},"21":{"start":{"line":53,"column":0},"end":{"line":53,"column":24}}},"fnMap":{},"branchMap":{},"s":{"0":14,"1":14,"2":14,"3":14,"4":14,"5":14,"6":14,"7":14,"8":14,"9":14,"10":14,"11":14,"12":14,"13":14,"14":14,"15":14,"16":14,"17":14,"18":14,"19":14,"20":14,"21":14},"f":{},"b":{},"_coverageSchema":"1a1c01bbd47fc00a2c39e90264f33305004495a9","hash":"dab6882177733aae10f0e1e1a1174cfeac134d17"}
,"C:\\Users\\HUGON\\Desktop\\TFEW\\TFErgo\\backend\\src\\routes\\auth.js": {"path":"C:\\Users\\HUGON\\Desktop\\TFEW\\TFErgo\\backend\\src\\routes\\auth.js","statementMap":{"0":{"start":{"line":1,"column":16},"end":{"line":1,"column":34}},"1":{"start":{"line":2,"column":15},"end":{"line":2,"column":31}},"2":{"start":{"line":3,"column":30},"end":{"line":3,"column":73}},"3":{"start":{"line":5,"column":0},"end":{"line":5,"column":28}},"4":{"start":{"line":6,"column":0},"end":{"line":6,"column":21}},"5":{"start":{"line":7,"column":0},"end":{"line":7,"column":30}},"6":{"start":{"line":9,"column":0},"end":{"line":9,"column":23}}},"fnMap":{},"branchMap":{},"s":{"0":14,"1":14,"2":14,"3":14,"4":14,"5":14,"6":14},"f":{},"b":{},"_coverageSchema":"1a1c01bbd47fc00a2c39e90264f33305004495a9","hash":"d315e90eb6e66e1bececc06bd1b254dae80309dd"}
,"C:\\Users\\HUGON\\Desktop\\TFEW\\TFErgo\\backend\\src\\routes\\contacts.js": {"path":"C:\\Users\\HUGON\\Desktop\\TFEW\\TFErgo\\backend\\src\\routes\\contacts.js","statementMap":{"0":{"start":{"line":1,"column":16},"end":{"line":1,"column":34}},"1":{"start":{"line":2,"column":15},"end":{"line":2,"column":31}},"2":{"start":{"line":3,"column":28},"end":{"line":3,"column":68}},"3":{"start":{"line":9,"column":4},"end":{"line":9,"column":47}},"4":{"start":{"line":11,"column":0},"end":{"line":11,"column":28}},"5":{"start":{"line":13,"column":0},"end":{"line":13,"column":39}},"6":{"start":{"line":14,"column":0},"end":{"line":14,"column":39}},"7":{"start":{"line":15,"column":0},"end":{"line":15,"column":36}},"8":{"start":{"line":16,"column":0},"end":{"line":16,"column":37}},"9":{"start":{"line":18,"column":0},"end":{"line":18,"column":24}}},"fnMap":{},"branchMap":{},"s":{"0":14,"1":14,"2":14,"3":14,"4":14,"5":14,"6":14,"7":14,"8":14,"9":14},"f":{},"b":{},"_coverageSchema":"1a1c01bbd47fc00a2c39e90264f33305004495a9","hash":"ec5af50b02e12f0e6506cbe0ee7f14f223c7892a"}
,"C:\\Users\\HUGON\\Desktop\\TFEW\\TFErgo\\backend\\src\\routes\\goals.js": {"path":"C:\\Users\\HUGON\\Desktop\\TFEW\\TFErgo\\backend\\src\\routes\\goals.js","statementMap":{"0":{"start":{"line":1,"column":16},"end":{"line":1,"column":34}},"1":{"start":{"line":7,"column":4},"end":{"line":7,"column":44}},"2":{"start":{"line":9,"column":15},"end":{"line":9,"column":31}},"3":{"start":{"line":11,"column":0},"end":{"line":11,"column":26}},"4":{"start":{"line":12,"column":0},"end":{"line":12,"column":29}},"5":{"start":{"line":13,"column":0},"end":{"line":13,"column":33}},"6":{"start":{"line":14,"column":0},"end":{"line":14,"column":34}},"7":{"start":{"line":16,"column":0},"end":{"line":16,"column":24}}},"fnMap":{},"branchMap":{},"s":{"0":14,"1":14,"2":14,"3":14,"4":14,"5":14,"6":14,"7":14},"f":{},"b":{},"_coverageSchema":"1a1c01bbd47fc00a2c39e90264f33305004495a9","hash":"4e0db0fbed9b3898e5ac2716bc61c7df271334de"}
,"C:\\Users\\HUGON\\Desktop\\TFEW\\TFErgo\\backend\\src\\routes\\healthData.js": {"path":"C:\\Users\\HUGON\\Desktop\\TFEW\\TFErgo\\backend\\src\\routes\\healthData.js","statementMap":{"0":{"start":{"line":1,"column":16},"end":{"line":1,"column":34}},"1":{"start":{"line":2,"column":15},"end":{"line":2,"column":31}},"2":{"start":{"line":4,"column":28},"end":{"line":4,"column":68}},"3":{"start":{"line":8,"column":4},"end":{"line":8,"column":50}},"4":{"start":{"line":10,"column":0},"end":{"line":10,"column":28}},"5":{"start":{"line":12,"column":0},"end":{"line":12,"column":34}},"6":{"start":{"line":13,"column":0},"end":{"line":13,"column":39}},"7":{"start":{"line":15,"column":0},"end":{"line":15,"column":24}}},"fnMap":{},"branchMap":{},"s":{"0":14,"1":14,"2":14,"3":14,"4":14,"5":14,"6":14,"7":14},"f":{},"b":{},"_coverageSchema":"1a1c01bbd47fc00a2c39e90264f33305004495a9","hash":"72d1c852bb0984b117fe40872b719f0a18f81460"}
,"C:\\Users\\HUGON\\Desktop\\TFEW\\TFErgo\\backend\\src\\routes\\materialRoutes.js": {"path":"C:\\Users\\HUGON\\Desktop\\TFEW\\TFErgo\\backend\\src\\routes\\materialRoutes.js","statementMap":{"0":{"start":{"line":1,"column":16},"end":{"line":1,"column":34}},"1":{"start":{"line":2,"column":73},"end":{"line":2,"column":117}},"2":{"start":{"line":3,"column":15},"end":{"line":3,"column":31}},"3":{"start":{"line":5,"column":0},"end":{"line":5,"column":30}},"4":{"start":{"line":6,"column":0},"end":{"line":6,"column":33}},"5":{"start":{"line":7,"column":0},"end":{"line":7,"column":37}},"6":{"start":{"line":8,"column":0},"end":{"line":8,"column":38}},"7":{"start":{"line":10,"column":0},"end":{"line":10,"column":24}}},"fnMap":{},"branchMap":{},"s":{"0":14,"1":14,"2":14,"3":14,"4":14,"5":14,"6":14,"7":14},"f":{},"b":{},"_coverageSchema":"1a1c01bbd47fc00a2c39e90264f33305004495a9","hash":"6ef2f4250e791344a57fca953392c32e1dfd32ae"}
,"C:\\Users\\HUGON\\Desktop\\TFEW\\TFErgo\\backend\\src\\routes\\motifs.js": {"path":"C:\\Users\\HUGON\\Desktop\\TFEW\\TFErgo\\backend\\src\\routes\\motifs.js","statementMap":{"0":{"start":{"line":1,"column":16},"end":{"line":1,"column":34}},"1":{"start":{"line":2,"column":15},"end":{"line":2,"column":31}},"2":{"start":{"line":3,"column":28},"end":{"line":3,"column":68}},"3":{"start":{"line":9,"column":4},"end":{"line":9,"column":45}},"4":{"start":{"line":11,"column":0},"end":{"line":11,"column":28}},"5":{"start":{"line":13,"column":0},"end":{"line":13,"column":37}},"6":{"start":{"line":14,"column":0},"end":{"line":14,"column":37}},"7":{"start":{"line":15,"column":0},"end":{"line":15,"column":34}},"8":{"start":{"line":16,"column":0},"end":{"line":16,"column":35}},"9":{"start":{"line":18,"column":0},"end":{"line":18,"column":24}}},"fnMap":{},"branchMap":{},"s":{"0":14,"1":14,"2":14,"3":14,"4":14,"5":14,"6":14,"7":14,"8":14,"9":14},"f":{},"b":{},"_coverageSchema":"1a1c01bbd47fc00a2c39e90264f33305004495a9","hash":"71eb6e20c5057930b8d45a06e54b9de19361f436"}
,"C:\\Users\\HUGON\\Desktop\\TFEW\\TFErgo\\backend\\src\\routes\\notes.js": {"path":"C:\\Users\\HUGON\\Desktop\\TFEW\\TFErgo\\backend\\src\\routes\\notes.js","statementMap":{"0":{"start":{"line":1,"column":16},"end":{"line":1,"column":34}},"1":{"start":{"line":2,"column":15},"end":{"line":2,"column":31}},"2":{"start":{"line":3,"column":28},"end":{"line":3,"column":68}},"3":{"start":{"line":9,"column":4},"end":{"line":9,"column":44}},"4":{"start":{"line":11,"column":0},"end":{"line":11,"column":27}},"5":{"start":{"line":13,"column":0},"end":{"line":13,"column":42}},"6":{"start":{"line":14,"column":0},"end":{"line":14,"column":35}},"7":{"start":{"line":15,"column":0},"end":{"line":15,"column":32}},"8":{"start":{"line":16,"column":0},"end":{"line":16,"column":33}},"9":{"start":{"line":18,"column":0},"end":{"line":18,"column":23}}},"fnMap":{},"branchMap":{},"s":{"0":14,"1":14,"2":14,"3":14,"4":14,"5":14,"6":14,"7":14,"8":14,"9":14},"f":{},"b":{},"_coverageSchema":"1a1c01bbd47fc00a2c39e90264f33305004495a9","hash":"a7feedbbe3ab8536933a620dba34fcaefdb28a06"}
,"C:\\Users\\HUGON\\Desktop\\TFEW\\TFErgo\\backend\\src\\routes\\objectives.js": {"path":"C:\\Users\\HUGON\\Desktop\\TFEW\\TFErgo\\backend\\src\\routes\\objectives.js","statementMap":{"0":{"start":{"line":1,"column":16},"end":{"line":1,"column":34}},"1":{"start":{"line":2,"column":15},"end":{"line":2,"column":31}},"2":{"start":{"line":3,"column":28},"end":{"line":3,"column":68}},"3":{"start":{"line":12,"column":4},"end":{"line":12,"column":49}},"4":{"start":{"line":14,"column":0},"end":{"line":14,"column":28}},"5":{"start":{"line":16,"column":0},"end":{"line":16,"column":52}},"6":{"start":{"line":17,"column":0},"end":{"line":17,"column":66}},"7":{"start":{"line":18,"column":0},"end":{"line":18,"column":54}},"8":{"start":{"line":19,"column":0},"end":{"line":19,"column":51}},"9":{"start":{"line":20,"column":0},"end":{"line":20,"column":52}},"10":{"start":{"line":21,"column":0},"end":{"line":21,"column":53}},"11":{"start":{"line":22,"column":0},"end":{"line":22,"column":54}},"12":{"start":{"line":25,"column":0},"end":{"line":25,"column":24}}},"fnMap":{},"branchMap":{},"s":{"0":14,"1":14,"2":14,"3":14,"4":14,"5":14,"6":14,"7":14,"8":14,"9":14,"10":14,"11":14,"12":14},"f":{},"b":{},"_coverageSchema":"1a1c01bbd47fc00a2c39e90264f33305004495a9","hash":"c46f7ce16ff2e199027526671c0aae2199454443"}
,"C:\\Users\\HUGON\\Desktop\\TFEW\\TFErgo\\backend\\src\\routes\\patients.js": {"path":"C:\\Users\\HUGON\\Desktop\\TFEW\\TFErgo\\backend\\src\\routes\\patients.js","statementMap":{"0":{"start":{"line":1,"column":16},"end":{"line":1,"column":34}},"1":{"start":{"line":2,"column":15},"end":{"line":2,"column":31}},"2":{"start":{"line":9,"column":4},"end":{"line":9,"column":47}},"3":{"start":{"line":10,"column":28},"end":{"line":10,"column":68}},"4":{"start":{"line":12,"column":0},"end":{"line":12,"column":27}},"5":{"start":{"line":14,"column":0},"end":{"line":14,"column":30}},"6":{"start":{"line":15,"column":0},"end":{"line":15,"column":34}},"7":{"start":{"line":16,"column":0},"end":{"line":16,"column":31}},"8":{"start":{"line":17,"column":0},"end":{"line":17,"column":35}},"9":{"start":{"line":18,"column":0},"end":{"line":18,"column":36}},"10":{"start":{"line":20,"column":0},"end":{"line":20,"column":23}}},"fnMap":{},"branchMap":{},"s":{"0":14,"1":14,"2":14,"3":14,"4":14,"5":14,"6":14,"7":14,"8":14,"9":14,"10":14},"f":{},"b":{},"_coverageSchema":"1a1c01bbd47fc00a2c39e90264f33305004495a9","hash":"d19bb4837e22f09eca928c4e7f32c56794dc738b"}
,"C:\\Users\\HUGON\\Desktop\\TFEW\\TFErgo\\backend\\src\\routes\\reports.js": {"path":"C:\\Users\\HUGON\\Desktop\\TFEW\\TFErgo\\backend\\src\\routes\\reports.js","statementMap":{"0":{"start":{"line":1,"column":16},"end":{"line":1,"column":34}},"1":{"start":{"line":2,"column":15},"end":{"line":2,"column":31}},"2":{"start":{"line":3,"column":28},"end":{"line":3,"column":68}},"3":{"start":{"line":4,"column":34},"end":{"line":4,"column":76}},"4":{"start":{"line":6,"column":0},"end":{"line":6,"column":67}},"5":{"start":{"line":8,"column":0},"end":{"line":8,"column":24}}},"fnMap":{},"branchMap":{},"s":{"0":14,"1":14,"2":14,"3":14,"4":14,"5":14},"f":{},"b":{},"_coverageSchema":"1a1c01bbd47fc00a2c39e90264f33305004495a9","hash":"b09a7cb630cf846a99fae69faf0de6a248c43616"}
,"C:\\Users\\HUGON\\Desktop\\TFEW\\TFErgo\\backend\\src\\routes\\therapists.js": {"path":"C:\\Users\\HUGON\\Desktop\\TFEW\\TFErgo\\backend\\src\\routes\\therapists.js","statementMap":{"0":{"start":{"line":1,"column":16},"end":{"line":1,"column":34}},"1":{"start":{"line":2,"column":15},"end":{"line":2,"column":31}},"2":{"start":{"line":3,"column":28},"end":{"line":3,"column":73}},"3":{"start":{"line":6,"column":0},"end":{"line":6,"column":54}},"4":{"start":{"line":8,"column":0},"end":{"line":8,"column":24}}},"fnMap":{},"branchMap":{},"s":{"0":14,"1":14,"2":14,"3":14,"4":14},"f":{},"b":{},"_coverageSchema":"1a1c01bbd47fc00a2c39e90264f33305004495a9","hash":"3aeff80b043224588f7f3ecf4f9daa28abb46ad0"}
,"C:\\Users\\HUGON\\Desktop\\TFEW\\TFErgo\\backend\\src\\utils\\validateInput.js": {"path":"C:\\Users\\HUGON\\Desktop\\TFEW\\TFErgo\\backend\\src\\utils\\validateInput.js","statementMap":{"0":{"start":{"line":2,"column":2},"end":{"line":2,"column":36}},"1":{"start":{"line":2,"column":23},"end":{"line":2,"column":36}},"2":{"start":{"line":3,"column":2},"end":{"line":3,"column":35}},"3":{"start":{"line":3,"column":22},"end":{"line":3,"column":35}},"4":{"start":{"line":4,"column":2},"end":{"line":4,"column":30}},"5":{"start":{"line":4,"column":17},"end":{"line":4,"column":30}},"6":{"start":{"line":5,"column":2},"end":{"line":5,"column":36}},"7":{"start":{"line":5,"column":23},"end":{"line":5,"column":36}},"8":{"start":{"line":6,"column":2},"end":{"line":6,"column":61}},"9":{"start":{"line":6,"column":48},"end":{"line":6,"column":61}},"10":{"start":{"line":7,"column":2},"end":{"line":7,"column":14}},"11":{"start":{"line":10,"column":0},"end":{"line":10,"column":41}}},"fnMap":{"0":{"name":"validatePatientData","decl":{"start":{"line":1,"column":9},"end":{"line":1,"column":28}},"loc":{"start":{"line":1,"column":35},"end":{"line":8,"column":1}},"line":1}},"branchMap":{"0":{"loc":{"start":{"line":2,"column":2},"end":{"line":2,"column":36}},"type":"if","locations":[{"start":{"line":2,"column":2},"end":{"line":2,"column":36}},{"start":{},"end":{}}],"line":2},"1":{"loc":{"start":{"line":3,"column":2},"end":{"line":3,"column":35}},"type":"if","locations":[{"start":{"line":3,"column":2},"end":{"line":3,"column":35}},{"start":{},"end":{}}],"line":3},"2":{"loc":{"start":{"line":4,"column":2},"end":{"line":4,"column":30}},"type":"if","locations":[{"start":{"line":4,"column":2},"end":{"line":4,"column":30}},{"start":{},"end":{}}],"line":4},"3":{"loc":{"start":{"line":5,"column":2},"end":{"line":5,"column":36}},"type":"if","locations":[{"start":{"line":5,"column":2},"end":{"line":5,"column":36}},{"start":{},"end":{}}],"line":5},"4":{"loc":{"start":{"line":6,"column":2},"end":{"line":6,"column":61}},"type":"if","locations":[{"start":{"line":6,"column":2},"end":{"line":6,"column":61}},{"start":{},"end":{}}],"line":6},"5":{"loc":{"start":{"line":6,"column":6},"end":{"line":6,"column":46}},"type":"binary-expr","locations":[{"start":{"line":6,"column":6},"end":{"line":6,"column":15}},{"start":{"line":6,"column":19},"end":{"line":6,"column":46}}],"line":6}},"s":{"0":2,"1":1,"2":1,"3":0,"4":1,"5":0,"6":1,"7":0,"8":1,"9":0,"10":1,"11":1},"f":{"0":2},"b":{"0":[1,1],"1":[0,1],"2":[0,1],"3":[0,1],"4":[0,1],"5":[1,1]},"_coverageSchema":"1a1c01bbd47fc00a2c39e90264f33305004495a9","hash":"5e4accf451d715160bfca12d6020897e7bd85bc8"}
}
