TN:
SF:src\app.js
FN:32,(anonymous_0)
FNF:1
FNH:0
FNDA:0,(anonymous_0)
DA:1,15
DA:2,15
DA:3,15
DA:4,15
DA:5,15
DA:7,15
DA:9,15
DA:10,15
DA:11,15
DA:12,15
DA:17,15
DA:18,15
DA:19,15
DA:20,15
DA:21,15
DA:22,15
DA:23,15
DA:24,15
DA:25,15
DA:26,15
DA:27,15
DA:28,15
DA:29,15
DA:30,15
DA:32,15
DA:33,0
DA:36,15
LF:27
LH:26
BRF:0
BRH:0
end_of_record
TN:
SF:src\controllers\activityController.js
FN:4,(anonymous_0)
FN:30,(anonymous_1)
FN:49,(anonymous_2)
FN:76,(anonymous_3)
FN:81,(anonymous_4)
FN:104,(anonymous_5)
FN:116,(anonymous_6)
FN:122,(anonymous_7)
FN:134,(anonymous_8)
FN:144,(anonymous_9)
FNF:10
FNH:4
FNDA:1,(anonymous_0)
FNDA:2,(anonymous_1)
FNDA:13,(anonymous_2)
FNDA:0,(anonymous_3)
FNDA:0,(anonymous_4)
FNDA:0,(anonymous_5)
FNDA:0,(anonymous_6)
FNDA:0,(anonymous_7)
FNDA:22,(anonymous_8)
FNDA:0,(anonymous_9)
DA:1,15
DA:2,15
DA:4,15
DA:5,1
DA:6,1
DA:23,1
DA:25,0
DA:26,0
DA:30,15
DA:31,2
DA:32,2
DA:33,2
DA:42,2
DA:43,1
DA:45,0
DA:49,15
DA:50,13
DA:51,13
DA:52,13
DA:54,13
DA:56,13
DA:57,2
DA:58,2
DA:61,11
DA:65,11
DA:66,0
DA:69,11
DA:76,0
DA:81,0
DA:92,11
DA:93,11
DA:96,0
DA:97,0
DA:104,15
DA:105,0
DA:106,0
DA:107,0
DA:108,0
DA:116,0
DA:122,0
DA:128,0
DA:130,0
DA:134,15
DA:135,22
DA:136,22
DA:137,22
DA:138,11
DA:140,11
DA:144,15
DA:145,0
DA:147,0
DA:148,0
DA:149,0
DA:150,0
DA:154,0
DA:158,0
DA:159,0
DA:184,0
DA:186,0
DA:187,0
DA:191,15
LF:61
LH:34
BRDA:42,0,0,1
BRDA:42,0,1,1
BRDA:54,1,0,13
BRDA:54,2,0,13
BRDA:56,3,0,2
BRDA:56,3,1,11
BRDA:56,4,0,13
BRDA:56,4,1,11
BRDA:65,5,0,0
BRDA:65,5,1,11
BRDA:148,6,0,0
BRDA:148,6,1,0
BRDA:150,7,0,0
BRDA:150,7,1,0
BRDA:152,8,0,0
BRDA:152,8,1,0
BRDA:161,9,0,0
BRDA:161,9,1,0
BRDA:162,10,0,0
BRDA:162,10,1,0
BRDA:163,11,0,0
BRDA:163,11,1,0
BRDA:170,12,0,0
BRDA:170,12,1,0
BRF:24
BRH:9
end_of_record
TN:
SF:src\controllers\activityFileController.js
FN:4,(anonymous_0)
FN:22,(anonymous_1)
FNF:2
FNH:0
FNDA:0,(anonymous_0)
FNDA:0,(anonymous_1)
DA:1,15
DA:2,15
DA:4,15
DA:5,0
DA:6,0
DA:7,0
DA:8,0
DA:16,0
DA:18,0
DA:22,15
DA:23,0
DA:24,0
DA:25,0
DA:26,0
DA:28,0
DA:32,15
LF:16
LH:5
BRF:0
BRH:0
end_of_record
TN:
SF:src\controllers\appointmentController.js
FN:4,getAppointments
FN:32,getAppointmentById
FN:60,getAppointmentsByPatientId
FN:92,createAppointment
FN:135,updateAppointment
FN:174,getAppointmentsByMonth
FN:207,deleteAppointment
FN:220,getEvaluationItemsByPatient
FN:234,addAppointmentFeedbacks
FN:240,(anonymous_9)
FN:252,getAppointmentFeedbacksByAppointment
FN:269,updateAppointmentFeedback
FN:285,createEvaluationItem
FN:301,linkActivitiesToAppointment
FN:311,(anonymous_14)
FN:324,deleteEvaluationItem
FNF:16
FNH:5
FNDA:1,getAppointments
FNDA:3,getAppointmentById
FNDA:1,getAppointmentsByPatientId
FNDA:24,createAppointment
FNDA:0,updateAppointment
FNDA:0,getAppointmentsByMonth
FNDA:8,deleteAppointment
FNDA:0,getEvaluationItemsByPatient
FNDA:0,addAppointmentFeedbacks
FNDA:0,(anonymous_9)
FNDA:0,getAppointmentFeedbacksByAppointment
FNDA:0,updateAppointmentFeedback
FNDA:0,createEvaluationItem
FNDA:0,linkActivitiesToAppointment
FNDA:0,(anonymous_14)
FNDA:0,deleteEvaluationItem
DA:1,16
DA:2,16
DA:5,1
DA:6,1
DA:7,1
DA:25,0
DA:27,1
DA:28,1
DA:33,3
DA:34,3
DA:35,3
DA:53,2
DA:55,1
DA:56,1
DA:61,1
DA:62,1
DA:63,1
DA:64,1
DA:85,0
DA:87,1
DA:88,1
DA:93,24
DA:94,24
DA:96,24
DA:97,5
DA:100,19
DA:101,19
DA:102,1
DA:104,18
DA:105,2
DA:108,16
DA:110,16
DA:113,15
DA:114,7
DA:116,8
DA:128,5
DA:130,4
DA:131,4
DA:136,0
DA:137,0
DA:139,0
DA:140,0
DA:143,0
DA:144,0
DA:145,0
DA:147,0
DA:148,0
DA:151,0
DA:152,0
DA:163,0
DA:166,0
DA:167,0
DA:169,0
DA:170,0
DA:175,0
DA:176,0
DA:177,0
DA:178,0
DA:180,0
DA:181,0
DA:200,0
DA:202,0
DA:203,0
DA:208,8
DA:209,8
DA:210,8
DA:213,5
DA:215,3
DA:216,3
DA:221,0
DA:222,0
DA:223,0
DA:227,0
DA:229,0
DA:230,0
DA:235,0
DA:236,0
DA:238,0
DA:239,0
DA:240,0
DA:245,0
DA:247,0
DA:248,0
DA:253,0
DA:254,0
DA:255,0
DA:262,0
DA:264,0
DA:265,0
DA:270,0
DA:271,0
DA:273,0
DA:274,0
DA:278,0
DA:280,0
DA:281,0
DA:286,0
DA:287,0
DA:288,0
DA:294,0
DA:296,0
DA:297,0
DA:302,0
DA:303,0
DA:305,0
DA:306,0
DA:310,0
DA:311,0
DA:317,0
DA:319,0
DA:320,0
DA:325,0
DA:326,0
DA:328,0
DA:333,0
DA:337,0
DA:339,0
DA:340,0
DA:346,16
LF:119
LH:43
BRDA:96,0,0,5
BRDA:96,0,1,19
BRDA:96,1,0,24
BRDA:96,1,1,21
BRDA:96,1,2,20
BRDA:101,2,0,1
BRDA:101,2,1,18
BRDA:104,3,0,2
BRDA:104,3,1,16
BRDA:113,4,0,7
BRDA:113,4,1,8
BRDA:139,5,0,0
BRDA:139,5,1,0
BRDA:139,6,0,0
BRDA:139,6,1,0
BRDA:144,7,0,0
BRDA:144,7,1,0
BRDA:147,8,0,0
BRDA:147,8,1,0
BRDA:166,9,0,0
BRDA:166,9,1,0
BRF:21
BRH:11
end_of_record
TN:
SF:src\controllers\authController.js
FN:6,(anonymous_0)
FN:40,(anonymous_1)
FN:52,(anonymous_2)
FNF:3
FNH:2
FNDA:3,(anonymous_0)
FNDA:0,(anonymous_1)
FNDA:1,(anonymous_2)
DA:1,15
DA:2,15
DA:3,15
DA:4,15
DA:6,15
DA:7,3
DA:9,3
DA:10,3
DA:11,3
DA:12,3
DA:15,0
DA:16,0
DA:17,0
DA:20,0
DA:24,0
DA:31,0
DA:33,0
DA:34,0
DA:40,15
DA:41,0
DA:42,0
DA:44,0
DA:45,0
DA:46,0
DA:48,0
DA:52,15
DA:53,1
DA:58,1
DA:62,15
LF:29
LH:15
BRDA:11,0,0,3
BRDA:11,0,1,0
BRDA:16,1,0,0
BRDA:16,1,1,0
BRDA:42,2,0,0
BRDA:42,2,1,0
BRF:6
BRH:1
end_of_record
TN:
SF:src\controllers\contactController.js
FN:5,getContacts
FN:22,addContact
FN:43,updateContact
FN:60,deleteContact
FNF:4
FNH:3
FNDA:1,getContacts
FNDA:2,addContact
FNDA:0,updateContact
FNDA:1,deleteContact
DA:1,15
DA:2,15
DA:6,1
DA:7,1
DA:9,1
DA:10,1
DA:14,1
DA:16,0
DA:17,0
DA:23,2
DA:24,2
DA:27,2
DA:28,1
DA:31,1
DA:32,1
DA:35,1
DA:37,0
DA:38,0
DA:44,0
DA:45,0
DA:47,0
DA:48,0
DA:52,0
DA:54,0
DA:55,0
DA:61,1
DA:63,1
DA:64,1
DA:65,1
DA:67,0
DA:68,0
DA:72,15
LF:32
LH:19
BRDA:27,0,0,1
BRDA:27,0,1,1
BRF:2
BRH:2
end_of_record
TN:
SF:src\controllers\goalController.js
FN:4,(anonymous_0)
FN:13,(anonymous_1)
FN:33,(anonymous_2)
FN:61,(anonymous_3)
FNF:4
FNH:3
FNDA:1,(anonymous_0)
FNDA:6,(anonymous_1)
FNDA:0,(anonymous_2)
FNDA:4,(anonymous_3)
DA:1,15
DA:2,15
DA:4,15
DA:5,1
DA:6,1
DA:7,1
DA:9,0
DA:13,15
DA:14,6
DA:15,6
DA:17,6
DA:20,6
DA:21,3
DA:24,3
DA:27,3
DA:29,0
DA:33,15
DA:34,0
DA:35,0
DA:36,0
DA:38,0
DA:39,0
DA:40,0
DA:43,0
DA:46,0
DA:47,0
DA:51,0
DA:54,0
DA:55,0
DA:57,0
DA:61,15
DA:62,4
DA:63,4
DA:64,4
DA:65,3
DA:67,1
DA:71,15
LF:37
LH:22
BRDA:20,0,0,3
BRDA:20,0,1,3
BRDA:36,1,0,0
BRDA:36,1,1,0
BRDA:36,2,0,0
BRDA:36,2,1,0
BRDA:39,3,0,0
BRDA:39,3,1,0
BRDA:54,4,0,0
BRDA:54,4,1,0
BRF:10
BRH:2
end_of_record
TN:
SF:src\controllers\healthDataController.js
FN:4,(anonymous_0)
FN:20,(anonymous_1)
FNF:2
FNH:0
FNDA:0,(anonymous_0)
FNDA:0,(anonymous_1)
DA:1,15
DA:2,15
DA:4,15
DA:5,0
DA:6,0
DA:8,0
DA:9,0
DA:13,0
DA:15,0
DA:16,0
DA:20,15
DA:21,0
DA:24,0
DA:25,0
DA:28,0
DA:29,0
DA:38,0
DA:39,0
DA:41,0
DA:43,0
DA:44,0
DA:48,15
LF:22
LH:5
BRDA:24,0,0,0
BRDA:24,0,1,0
BRDA:24,1,0,0
BRDA:24,1,1,0
BRDA:38,2,0,0
BRDA:38,2,1,0
BRF:6
BRH:0
end_of_record
TN:
SF:src\controllers\materialController.js
FN:4,(anonymous_0)
FN:16,(anonymous_1)
FN:36,(anonymous_2)
FN:64,(anonymous_3)
FNF:4
FNH:3
FNDA:1,(anonymous_0)
FNDA:6,(anonymous_1)
FNDA:0,(anonymous_2)
FNDA:4,(anonymous_3)
DA:1,15
DA:2,15
DA:4,15
DA:5,1
DA:6,1
DA:9,1
DA:11,0
DA:12,0
DA:16,15
DA:17,6
DA:18,6
DA:20,6
DA:23,6
DA:24,3
DA:27,3
DA:30,3
DA:32,0
DA:36,15
DA:37,0
DA:38,0
DA:39,0
DA:41,0
DA:42,0
DA:43,0
DA:46,0
DA:49,0
DA:50,0
DA:54,0
DA:57,0
DA:58,0
DA:60,0
DA:64,15
DA:65,4
DA:66,4
DA:67,4
DA:70,3
DA:72,1
DA:76,15
LF:38
LH:22
BRDA:23,0,0,3
BRDA:23,0,1,3
BRDA:39,1,0,0
BRDA:39,1,1,0
BRDA:39,2,0,0
BRDA:39,2,1,0
BRDA:42,3,0,0
BRDA:42,3,1,0
BRDA:57,4,0,0
BRDA:57,4,1,0
BRF:10
BRH:2
end_of_record
TN:
SF:src\controllers\motifController.js
FN:5,getMotifs
FN:21,addMotif
FN:53,updateMotif
FN:89,deleteMotif
FNF:4
FNH:3
FNDA:2,getMotifs
FNDA:5,addMotif
FNDA:0,updateMotif
FNDA:3,deleteMotif
DA:1,15
DA:2,15
DA:6,2
DA:7,2
DA:8,2
DA:13,2
DA:15,0
DA:16,0
DA:22,5
DA:23,5
DA:26,5
DA:27,1
DA:30,4
DA:31,4
DA:45,3
DA:47,1
DA:48,1
DA:54,0
DA:55,0
DA:58,0
DA:59,0
DA:60,0
DA:61,0
DA:66,0
DA:74,0
DA:76,0
DA:81,0
DA:83,0
DA:84,0
DA:90,3
DA:91,3
DA:92,3
DA:93,2
DA:95,1
DA:96,1
DA:100,15
LF:36
LH:22
BRDA:26,0,0,1
BRDA:26,0,1,4
BRDA:34,1,0,4
BRDA:34,1,1,4
BRDA:35,2,0,4
BRDA:35,2,1,4
BRDA:36,3,0,4
BRDA:36,3,1,4
BRDA:37,4,0,4
BRDA:37,4,1,4
BRDA:58,5,0,0
BRDA:58,5,1,0
BRDA:60,6,0,0
BRDA:60,6,1,0
BRDA:60,7,0,0
BRDA:60,7,1,0
BRDA:60,7,2,0
BRF:17
BRH:10
end_of_record
TN:
SF:src\controllers\noteController.js
FN:5,getPatientNotes
FN:22,addNote
FN:49,updateNote
FN:68,deleteNote
FNF:4
FNH:3
FNDA:4,getPatientNotes
FNDA:14,addNote
FNDA:0,updateNote
FNDA:8,deleteNote
DA:1,15
DA:2,15
DA:6,4
DA:7,4
DA:9,4
DA:10,4
DA:14,3
DA:16,1
DA:17,1
DA:23,14
DA:24,14
DA:25,14
DA:28,14
DA:29,1
DA:32,11
DA:33,11
DA:41,9
DA:43,2
DA:44,2
DA:50,0
DA:51,0
DA:52,0
DA:54,0
DA:55,0
DA:59,0
DA:60,0
DA:62,0
DA:63,0
DA:69,8
DA:70,8
DA:72,8
DA:73,8
DA:76,8
DA:77,5
DA:79,0
DA:80,0
DA:84,15
LF:37
LH:26
BRDA:28,0,0,1
BRDA:28,0,1,11
BRDA:28,1,0,14
BRDA:28,1,1,13
BRDA:59,2,0,0
BRDA:59,2,1,0
BRDA:76,3,0,3
BRDA:76,3,1,5
BRF:8
BRH:6
end_of_record
TN:
SF:src\controllers\objectiveController.js
FN:4,addLongTermObjective
FN:39,addShortTermObjective
FN:69,getMotifWithObjectives
FN:89,updateLongTermObjective
FN:113,deleteLongTermObjective
FN:124,deleteShortTermObjective
FN:135,updateShortTermObjective
FNF:7
FNH:2
FNDA:4,addLongTermObjective
FNDA:1,addShortTermObjective
FNDA:0,getMotifWithObjectives
FNDA:0,updateLongTermObjective
FNDA:0,deleteLongTermObjective
FNDA:0,deleteShortTermObjective
FNDA:0,updateShortTermObjective
DA:1,16
DA:2,16
DA:5,4
DA:6,4
DA:8,4
DA:9,1
DA:11,3
DA:13,3
DA:18,1
DA:21,0
DA:31,0
DA:33,2
DA:34,2
DA:40,1
DA:41,1
DA:43,1
DA:44,0
DA:46,1
DA:47,0
DA:49,1
DA:50,1
DA:61,0
DA:63,1
DA:64,1
DA:70,0
DA:71,0
DA:72,0
DA:82,0
DA:84,0
DA:85,0
DA:90,0
DA:91,0
DA:93,0
DA:94,0
DA:96,0
DA:97,0
DA:106,0
DA:108,0
DA:109,0
DA:114,0
DA:115,0
DA:116,0
DA:117,0
DA:119,0
DA:120,0
DA:125,0
DA:126,0
DA:127,0
DA:128,0
DA:130,0
DA:131,0
DA:136,0
DA:137,0
DA:139,0
DA:140,0
DA:150,0
DA:152,0
DA:153,0
DA:157,16
LF:59
LH:20
BRDA:8,0,0,1
BRDA:8,0,1,3
BRDA:8,1,0,4
BRDA:8,1,1,3
BRDA:18,2,0,1
BRDA:18,2,1,0
BRDA:26,3,0,0
BRDA:26,3,1,0
BRDA:27,4,0,0
BRDA:27,4,1,0
BRDA:43,5,0,0
BRDA:43,5,1,1
BRDA:43,6,0,1
BRDA:43,6,1,1
BRDA:46,7,0,0
BRDA:46,7,1,1
BRDA:46,8,0,1
BRDA:46,8,1,1
BRDA:55,9,0,1
BRDA:55,9,1,0
BRDA:57,10,0,1
BRDA:57,10,1,1
BRDA:93,11,0,0
BRDA:93,11,1,0
BRDA:93,12,0,0
BRDA:93,12,1,0
BRDA:102,13,0,0
BRDA:102,13,1,0
BRDA:145,14,0,0
BRDA:145,14,1,0
BRF:30
BRH:14
end_of_record
TN:
SF:src\controllers\patientController.js
FN:4,getMyPatients
FN:17,getPatientById
FN:35,createPatient
FN:64,updatePatient
FN:86,deletePatient
FNF:5
FNH:4
FNDA:1,getMyPatients
FNDA:1,getPatientById
FNDA:14,createPatient
FNDA:0,updatePatient
FNDA:8,deletePatient
DA:1,15
DA:2,15
DA:5,1
DA:6,1
DA:7,1
DA:11,1
DA:13,0
DA:18,1
DA:19,1
DA:21,1
DA:22,1
DA:26,1
DA:28,0
DA:30,0
DA:31,0
DA:36,14
DA:37,14
DA:40,14
DA:41,1
DA:45,13
DA:46,13
DA:49,13
DA:50,13
DA:57,7
DA:59,6
DA:60,6
DA:65,0
DA:66,0
DA:67,0
DA:69,0
DA:71,0
DA:72,0
DA:77,0
DA:79,0
DA:81,0
DA:82,0
DA:87,8
DA:88,8
DA:90,8
DA:91,8
DA:95,8
DA:97,7
DA:99,0
DA:100,0
DA:104,15
LF:45
LH:29
BRDA:26,0,0,1
BRDA:26,0,1,0
BRDA:40,1,0,1
BRDA:40,1,1,13
BRDA:40,2,0,14
BRDA:40,2,1,13
BRDA:40,2,2,13
BRDA:40,2,3,13
BRDA:45,3,0,13
BRDA:45,3,1,0
BRDA:45,4,0,13
BRDA:45,4,1,13
BRDA:77,5,0,0
BRDA:77,5,1,0
BRDA:95,6,0,1
BRDA:95,6,1,7
BRF:16
BRH:12
end_of_record
TN:
SF:src\controllers\reportController.js
FN:8,(anonymous_0)
FN:43,(anonymous_1)
FN:44,(anonymous_2)
FN:108,(anonymous_3)
FN:111,(anonymous_4)
FN:116,(anonymous_5)
FN:158,(anonymous_6)
FN:159,(anonymous_7)
FN:184,(anonymous_8)
FN:211,(anonymous_9)
FN:245,(anonymous_10)
FN:255,(anonymous_11)
FN:269,(anonymous_12)
FN:279,(anonymous_13)
FN:290,(anonymous_14)
FN:296,(anonymous_15)
FN:298,(anonymous_16)
FN:314,(anonymous_17)
FN:317,(anonymous_18)
FN:319,(anonymous_19)
FNF:20
FNH:8
FNDA:3,(anonymous_0)
FNDA:0,(anonymous_1)
FNDA:0,(anonymous_2)
FNDA:0,(anonymous_3)
FNDA:0,(anonymous_4)
FNDA:0,(anonymous_5)
FNDA:40,(anonymous_6)
FNDA:8,(anonymous_7)
FNDA:0,(anonymous_8)
FNDA:0,(anonymous_9)
FNDA:0,(anonymous_10)
FNDA:0,(anonymous_11)
FNDA:0,(anonymous_12)
FNDA:0,(anonymous_13)
FNDA:1,(anonymous_14)
FNDA:1,(anonymous_15)
FNDA:1,(anonymous_16)
FNDA:3,(anonymous_17)
FNDA:1,(anonymous_18)
FNDA:0,(anonymous_19)
DA:1,15
DA:2,15
DA:3,15
DA:4,15
DA:5,15
DA:6,15
DA:8,15
DA:9,3
DA:10,3
DA:12,3
DA:13,3
DA:26,3
DA:27,3
DA:28,2
DA:34,2
DA:43,2
DA:44,2
DA:45,2
DA:48,2
DA:49,2
DA:50,0
DA:52,2
DA:53,0
DA:55,2
DA:56,0
DA:58,2
DA:59,0
DA:62,2
DA:63,0
DA:69,2
DA:71,0
DA:72,0
DA:73,0
DA:74,0
DA:76,0
DA:80,2
DA:81,0
DA:84,2
DA:85,0
DA:89,2
DA:91,0
DA:92,0
DA:93,0
DA:94,0
DA:97,0
DA:99,0
DA:100,0
DA:102,0
DA:106,2
DA:109,0
DA:110,0
DA:111,0
DA:114,0
DA:117,0
DA:121,0
DA:134,2
DA:157,2
DA:158,40
DA:159,8
DA:162,2
DA:184,0
DA:211,0
DA:245,0
DA:255,0
DA:269,0
DA:279,0
DA:290,2
DA:296,2
DA:298,2
DA:299,1
DA:300,1
DA:302,1
DA:303,1
DA:304,0
DA:305,0
DA:306,0
DA:310,0
DA:314,2
DA:315,3
DA:317,2
DA:318,1
DA:319,1
DA:320,0
DA:321,0
DA:322,0
DA:323,0
DA:327,2
DA:328,2
DA:329,2
DA:331,2
DA:339,2
DA:343,2
DA:344,1
DA:345,0
DA:362,0
DA:364,0
DA:365,0
DA:366,0
DA:367,0
DA:368,0
DA:369,0
DA:375,0
DA:377,1
DA:378,1
DA:382,15
LF:105
LH:56
BRDA:27,0,0,2
BRDA:27,0,1,1
BRDA:45,1,0,2
BRDA:45,1,1,2
BRDA:48,2,0,2
BRDA:48,2,1,0
BRDA:49,3,0,0
BRDA:49,3,1,2
BRDA:52,4,0,0
BRDA:52,4,1,2
BRDA:55,5,0,0
BRDA:55,5,1,2
BRDA:58,6,0,0
BRDA:58,6,1,2
BRDA:62,7,0,0
BRDA:62,7,1,2
BRDA:69,8,0,0
BRDA:69,8,1,2
BRDA:69,9,0,2
BRDA:69,9,1,2
BRDA:71,10,0,0
BRDA:71,10,1,0
BRDA:73,11,0,0
BRDA:73,11,1,0
BRDA:80,12,0,0
BRDA:80,12,1,2
BRDA:84,13,0,0
BRDA:84,13,1,2
BRDA:84,14,0,2
BRDA:84,14,1,0
BRDA:89,15,0,0
BRDA:89,15,1,2
BRDA:89,16,0,2
BRDA:89,16,1,0
BRDA:89,16,2,2
BRDA:89,16,3,0
BRDA:91,17,0,0
BRDA:91,17,1,0
BRDA:94,18,0,0
BRDA:94,18,1,0
BRDA:99,19,0,0
BRDA:99,19,1,0
BRDA:110,20,0,0
BRDA:110,20,1,0
BRDA:114,21,0,0
BRDA:114,21,1,0
BRDA:117,22,0,0
BRDA:117,22,1,0
BRDA:123,23,0,0
BRDA:123,23,1,0
BRDA:128,24,0,0
BRDA:128,24,1,0
BRDA:183,25,0,0
BRDA:183,25,1,2
BRDA:186,26,0,0
BRDA:186,26,1,0
BRDA:187,27,0,0
BRDA:187,27,1,0
BRDA:188,28,0,0
BRDA:188,28,1,0
BRDA:189,29,0,0
BRDA:189,29,1,0
BRDA:190,30,0,0
BRDA:190,30,1,0
BRDA:191,31,0,0
BRDA:191,31,1,0
BRDA:210,32,0,0
BRDA:210,32,1,2
BRDA:213,33,0,0
BRDA:213,33,1,0
BRDA:214,34,0,0
BRDA:214,34,1,0
BRDA:215,35,0,0
BRDA:215,35,1,0
BRDA:216,36,0,0
BRDA:216,36,1,0
BRDA:217,37,0,0
BRDA:217,37,1,0
BRDA:218,38,0,0
BRDA:218,38,1,0
BRDA:229,39,0,2
BRDA:229,39,1,2
BRDA:231,40,0,2
BRDA:231,40,1,2
BRDA:233,41,0,2
BRDA:233,41,1,2
BRDA:239,42,0,2
BRDA:239,42,1,2
BRDA:240,43,0,2
BRDA:240,43,1,2
BRDA:241,44,0,2
BRDA:241,44,1,2
BRDA:244,45,0,0
BRDA:244,45,1,2
BRDA:244,46,0,2
BRDA:244,46,1,0
BRDA:245,47,0,0
BRDA:245,47,1,0
BRDA:245,47,2,0
BRDA:247,48,0,2
BRDA:247,48,1,2
BRDA:248,49,0,2
BRDA:248,49,1,2
BRDA:249,50,0,2
BRDA:249,50,1,2
BRDA:254,51,0,0
BRDA:254,51,1,2
BRDA:254,52,0,2
BRDA:254,52,1,0
BRDA:257,53,0,0
BRDA:257,53,1,0
BRDA:257,53,2,0
BRDA:258,54,0,0
BRDA:258,54,1,0
BRDA:258,55,0,0
BRDA:258,55,1,0
BRDA:259,56,0,0
BRDA:259,56,1,0
BRDA:260,57,0,0
BRDA:260,57,1,0
BRDA:260,57,2,0
BRDA:265,58,0,2
BRDA:265,58,1,2
BRDA:268,59,0,0
BRDA:268,59,1,2
BRDA:268,60,0,2
BRDA:268,60,1,0
BRDA:269,61,0,0
BRDA:269,61,1,0
BRDA:269,62,0,0
BRDA:269,62,1,0
BRDA:269,62,2,0
BRDA:273,63,0,2
BRDA:273,63,1,2
BRDA:278,64,0,0
BRDA:278,64,1,2
BRDA:281,65,0,0
BRDA:281,65,1,0
BRDA:283,66,0,0
BRDA:283,66,1,0
BRDA:291,67,0,1
BRDA:291,67,1,0
BRDA:292,68,0,1
BRDA:292,68,1,0
BRDA:296,69,0,1
BRDA:296,69,1,1
BRDA:296,69,2,1
BRDA:318,70,0,0
BRDA:318,70,1,1
BRDA:320,71,0,0
BRDA:320,71,1,0
BRDA:321,72,0,0
BRDA:321,72,1,0
BRF:153
BRH:56
end_of_record
TN:
SF:src\controllers\therapistController.js
FN:4,getAllTherapists
FNF:1
FNH:1
FNDA:1,getAllTherapists
DA:1,15
DA:2,15
DA:5,1
DA:6,1
DA:7,1
DA:9,0
DA:13,15
LF:7
LH:6
BRF:0
BRH:0
end_of_record
TN:
SF:src\middleware\authenticateJWT.js
FN:3,authenticateJWT
FNF:1
FNH:1
FNDA:179,authenticateJWT
DA:1,15
DA:4,179
DA:5,179
DA:7,160
DA:8,160
DA:9,160
DA:10,160
DA:12,0
DA:16,15
LF:9
LH:8
BRDA:5,0,0,19
BRDA:5,0,1,160
BRF:2
BRH:2
end_of_record
TN:
SF:src\routes\activities.js
FNF:0
FNH:0
DA:1,15
DA:9,15
DA:10,15
DA:12,15
DA:14,15
DA:15,15
DA:16,15
DA:17,15
DA:18,15
DA:19,15
DA:21,15
LF:11
LH:11
BRF:0
BRH:0
end_of_record
TN:
SF:src\routes\activityFiles.js
FNF:0
FNH:0
DA:1,15
DA:2,15
DA:4,15
DA:6,15
DA:7,15
DA:9,15
LF:6
LH:6
BRF:0
BRH:0
end_of_record
TN:
SF:src\routes\appointments.js
FNF:0
FNH:0
DA:1,15
DA:17,15
DA:19,15
DA:21,15
DA:23,15
DA:26,15
DA:27,15
DA:28,15
DA:29,15
DA:30,15
DA:31,15
DA:32,15
DA:35,15
DA:36,15
DA:37,15
DA:38,15
DA:39,15
DA:44,15
DA:45,15
DA:46,15
DA:50,15
DA:53,15
LF:22
LH:22
BRF:0
BRH:0
end_of_record
TN:
SF:src\routes\auth.js
FNF:0
FNH:0
DA:1,15
DA:2,15
DA:3,15
DA:5,15
DA:6,15
DA:7,15
DA:9,15
LF:7
LH:7
BRF:0
BRH:0
end_of_record
TN:
SF:src\routes\contacts.js
FNF:0
FNH:0
DA:1,15
DA:2,15
DA:3,15
DA:9,15
DA:11,15
DA:13,15
DA:14,15
DA:15,15
DA:16,15
DA:18,15
LF:10
LH:10
BRF:0
BRH:0
end_of_record
TN:
SF:src\routes\goals.js
FNF:0
FNH:0
DA:1,15
DA:7,15
DA:9,15
DA:11,15
DA:12,15
DA:13,15
DA:14,15
DA:16,15
LF:8
LH:8
BRF:0
BRH:0
end_of_record
TN:
SF:src\routes\healthData.js
FNF:0
FNH:0
DA:1,15
DA:2,15
DA:4,15
DA:8,15
DA:10,15
DA:12,15
DA:13,15
DA:15,15
LF:8
LH:8
BRF:0
BRH:0
end_of_record
TN:
SF:src\routes\materialRoutes.js
FNF:0
FNH:0
DA:1,15
DA:2,15
DA:3,15
DA:5,15
DA:6,15
DA:7,15
DA:8,15
DA:10,15
LF:8
LH:8
BRF:0
BRH:0
end_of_record
TN:
SF:src\routes\motifs.js
FNF:0
FNH:0
DA:1,15
DA:2,15
DA:3,15
DA:9,15
DA:11,15
DA:13,15
DA:14,15
DA:15,15
DA:16,15
DA:18,15
LF:10
LH:10
BRF:0
BRH:0
end_of_record
TN:
SF:src\routes\notes.js
FNF:0
FNH:0
DA:1,15
DA:2,15
DA:3,15
DA:9,15
DA:11,15
DA:13,15
DA:14,15
DA:15,15
DA:16,15
DA:18,15
LF:10
LH:10
BRF:0
BRH:0
end_of_record
TN:
SF:src\routes\objectives.js
FNF:0
FNH:0
DA:1,15
DA:2,15
DA:3,15
DA:12,15
DA:14,15
DA:16,15
DA:17,15
DA:18,15
DA:19,15
DA:20,15
DA:21,15
DA:22,15
DA:25,15
LF:13
LH:13
BRF:0
BRH:0
end_of_record
TN:
SF:src\routes\patients.js
FNF:0
FNH:0
DA:1,15
DA:2,15
DA:9,15
DA:10,15
DA:12,15
DA:14,15
DA:15,15
DA:16,15
DA:17,15
DA:18,15
DA:20,15
LF:11
LH:11
BRF:0
BRH:0
end_of_record
TN:
SF:src\routes\reports.js
FNF:0
FNH:0
DA:1,15
DA:2,15
DA:3,15
DA:4,15
DA:6,15
DA:8,15
LF:6
LH:6
BRF:0
BRH:0
end_of_record
TN:
SF:src\routes\therapists.js
FNF:0
FNH:0
DA:1,15
DA:2,15
DA:3,15
DA:6,15
DA:8,15
LF:5
LH:5
BRF:0
BRH:0
end_of_record
TN:
SF:src\utils\validateInput.js
FN:1,validatePatientData
FNF:1
FNH:1
FNDA:2,validatePatientData
DA:2,2
DA:3,1
DA:4,1
DA:5,1
DA:6,1
DA:7,1
DA:10,1
LF:7
LH:7
BRDA:2,0,0,1
BRDA:2,0,1,1
BRDA:3,1,0,0
BRDA:3,1,1,1
BRDA:4,2,0,0
BRDA:4,2,1,1
BRDA:5,3,0,0
BRDA:5,3,1,1
BRDA:6,4,0,0
BRDA:6,4,1,1
BRDA:6,5,0,1
BRDA:6,5,1,1
BRF:12
BRH:8
end_of_record
